#
# A fatal error has been detected by the Java Runtime Environment:
#
#  SIGSEGV (0xb) at pc=0x00007fcf1751eea5, pid=24623, tid=81199
#
# JRE version: OpenJDK Runtime Environment (11.0.7+9) (build 11.0.7-ea+9-post-Debian-1)
# Java VM: OpenJDK 64-Bit Server VM (11.0.7-ea+9-post-Debian-1, mixed mode, sharing, tiered, compressed oops, g1 gc, linux-amd64)
# Problematic frame:
# C  [libjimage.so+0x2ea5]
#
# No core dump will be written. Core dumps have been disabled. To enable core dumping, try "ulimit -c unlimited" before starting Java again
#
# If you would like to submit a bug report, please visit:
#   https://bugs.debian.org/openjdk-11
#

---------------  S U M M A R Y ------------

Command Line: -agentlib:jdwp=transport=dt_socket,server=n,suspend=y,address=localhost:45803 -Dfile.encoding=UTF-8 com.timeController.timeController.TimeControllerApplication

Host: Intel(R) Pentium(R) CPU G4400 @ 3.30GHz, 2 cores, 3G, Kali GNU/Linux Rolling
Time: Mon Apr 12 18:11:34 2021 AKDT elapsed time: 8331 seconds (0d 2h 18m 51s)

---------------  T H R E A D  ---------------

Current thread (0x00007fced1671000):  JavaThread "SpringContextShutdownHook" [_thread_in_vm, id=81199, stack(0x00007fcee931f000,0x00007fcee9420000)]

Stack: [0x00007fcee931f000,0x00007fcee9420000],  sp=0x00007fcee941c1d0,  free space=1012k
Native frames: (J=compiled Java code, A=aot compiled Java code, j=interpreted, Vv=VM code, C=native code)
C  [libjimage.so+0x2ea5]
C  [libjimage.so+0x3b6e]
C  [libjimage.so+0x4041]  JIMAGE_FindResource+0xe1
V  [libjvm.so+0x577bad]
V  [libjvm.so+0x57a2cd]
V  [libjvm.so+0xcd2a5d]
V  [libjvm.so+0xcd15ea]
V  [libjvm.so+0xcd3b67]
V  [libjvm.so+0x6259e6]
V  [libjvm.so+0x80d8b2]
j  java.net.NetworkInterface.<clinit>()V+0 java.base@11.0.7-ea
v  ~StubRoutines::call_stub
V  [libjvm.so+0x816119]
V  [libjvm.so+0x7f1572]
V  [libjvm.so+0x7f1970]
V  [libjvm.so+0x9fffcb]
V  [libjvm.so+0xa0292e]
V  [libjvm.so+0x80fa6f]
V  [libjvm.so+0x8100cd]
j  org.apache.tomcat.util.net.AbstractEndpoint.getUnlockAddress(Ljava/net/InetSocketAddress;)Ljava/net/InetSocketAddress;+14
j  org.apache.tomcat.util.net.AbstractEndpoint.unlockAccept()V+97
j  org.apache.tomcat.util.net.NioEndpoint.unlockAccept()V+8
j  org.apache.tomcat.util.net.AbstractEndpoint.closeServerSocketGraceful()V+23
j  org.apache.coyote.AbstractProtocol.closeServerSocketGraceful()V+4
j  org.apache.catalina.core.StandardService.stopInternal()V+35
j  org.apache.catalina.util.LifecycleBase.stop()V+214
j  org.apache.catalina.core.StandardServer.stopInternal()V+82
j  org.apache.catalina.util.LifecycleBase.stop()V+214
j  org.apache.catalina.startup.Tomcat.stop()V+9
j  org.springframework.boot.web.embedded.tomcat.TomcatWebServer.stopTomcat()V+29
j  org.springframework.boot.web.embedded.tomcat.TomcatWebServer.stop()V+32
j  org.springframework.boot.web.servlet.context.WebServerStartStopLifecycle.stop()V+4
j  org.springframework.context.SmartLifecycle.stop(Ljava/lang/Runnable;)V+1
j  org.springframework.context.support.DefaultLifecycleProcessor.doStop(Ljava/util/Map;Ljava/lang/String;Ljava/util/concurrent/CountDownLatch;Ljava/util/Set;)V+174
j  org.springframework.context.support.DefaultLifecycleProcessor.access$300(Lorg/springframework/context/support/DefaultLifecycleProcessor;Ljava/util/Map;Ljava/lang/String;Ljava/util/concurrent/CountDownLatch;Ljava/util/Set;)V+6
j  org.springframework.context.support.DefaultLifecycleProcessor$LifecycleGroup.stop()V+176
j  org.springframework.context.support.DefaultLifecycleProcessor.stopBeans()V+100
j  org.springframework.context.support.DefaultLifecycleProcessor.onClose()V+1
j  org.springframework.context.support.AbstractApplicationContext.doClose()V+111
j  org.springframework.boot.web.servlet.context.ServletWebServerApplicationContext.doClose()V+15
j  org.springframework.context.support.AbstractApplicationContext$1.run()V+14
v  ~StubRoutines::call_stub
V  [libjvm.so+0x816119]
V  [libjvm.so+0x8147ce]
V  [libjvm.so+0x8bb3ed]
V  [libjvm.so+0xd08f5f]
V  [libjvm.so+0xd058ac]
V  [libjvm.so+0xb78dce]

Java frames: (J=compiled Java code, j=interpreted, Vv=VM code)
j  java.net.NetworkInterface.<clinit>()V+0 java.base@11.0.7-ea
v  ~StubRoutines::call_stub
j  org.apache.tomcat.util.net.AbstractEndpoint.getUnlockAddress(Ljava/net/InetSocketAddress;)Ljava/net/InetSocketAddress;+14
j  org.apache.tomcat.util.net.AbstractEndpoint.unlockAccept()V+97
j  org.apache.tomcat.util.net.NioEndpoint.unlockAccept()V+8
j  org.apache.tomcat.util.net.AbstractEndpoint.closeServerSocketGraceful()V+23
j  org.apache.coyote.AbstractProtocol.closeServerSocketGraceful()V+4
j  org.apache.catalina.core.StandardService.stopInternal()V+35
j  org.apache.catalina.util.LifecycleBase.stop()V+214
j  org.apache.catalina.core.StandardServer.stopInternal()V+82
j  org.apache.catalina.util.LifecycleBase.stop()V+214
j  org.apache.catalina.startup.Tomcat.stop()V+9
j  org.springframework.boot.web.embedded.tomcat.TomcatWebServer.stopTomcat()V+29
j  org.springframework.boot.web.embedded.tomcat.TomcatWebServer.stop()V+32
j  org.springframework.boot.web.servlet.context.WebServerStartStopLifecycle.stop()V+4
j  org.springframework.context.SmartLifecycle.stop(Ljava/lang/Runnable;)V+1
j  org.springframework.context.support.DefaultLifecycleProcessor.doStop(Ljava/util/Map;Ljava/lang/String;Ljava/util/concurrent/CountDownLatch;Ljava/util/Set;)V+174
j  org.springframework.context.support.DefaultLifecycleProcessor.access$300(Lorg/springframework/context/support/DefaultLifecycleProcessor;Ljava/util/Map;Ljava/lang/String;Ljava/util/concurrent/CountDownLatch;Ljava/util/Set;)V+6
j  org.springframework.context.support.DefaultLifecycleProcessor$LifecycleGroup.stop()V+176
j  org.springframework.context.support.DefaultLifecycleProcessor.stopBeans()V+100
j  org.springframework.context.support.DefaultLifecycleProcessor.onClose()V+1
j  org.springframework.context.support.AbstractApplicationContext.doClose()V+111
j  org.springframework.boot.web.servlet.context.ServletWebServerApplicationContext.doClose()V+15
j  org.springframework.context.support.AbstractApplicationContext$1.run()V+14
v  ~StubRoutines::call_stub

siginfo: si_signo: 11 (SIGSEGV), si_code: 1 (SEGV_MAPERR), si_addr: 0x00007fcf0791864c

Register to memory mapping:

RAX=0x0000000000002d8c is an unknown value
RBX=0x00007fcee941c281 is pointing into the stack for thread: 0x00007fced1671000
RCX=0x00007fcee941c2a4 is pointing into the stack for thread: 0x00007fced1671000
RDX=0x0000000000002d8c is an unknown value
RSP=0x00007fcee941c1d0 is pointing into the stack for thread: 0x00007fced1671000
RBP=0x00007fcee941c1f0 is pointing into the stack for thread: 0x00007fced1671000
RSI=0x0 is NULL
RDI=0x00007fcf17524130: <offset 0x0000000000008130> in /usr/lib/jvm/java-11-openjdk-amd64/lib/libjimage.so at 0x00007fcf1751c000
R8 =0x00007fcf0790d01c is an unknown value
R9 =0x74656e2f6176616a is an unknown value
R10=0x6b726f7774654e2f is an unknown value
R11=0x6361667265746e49 is an unknown value
R12=0x00000000000083ad is an unknown value
R13=0x00007fcee941c280 is pointing into the stack for thread: 0x00007fced1671000
R14=0x0 is NULL
R15=0x00007fced00d21f0 points into unknown readable memory: 6a 61 76 61 2f 6e 65 74


Registers:
RAX=0x0000000000002d8c, RBX=0x00007fcee941c281, RCX=0x00007fcee941c2a4, RDX=0x0000000000002d8c
RSP=0x00007fcee941c1d0, RBP=0x00007fcee941c1f0, RSI=0x0000000000000000, RDI=0x00007fcf17524130
R8 =0x00007fcf0790d01c, R9 =0x74656e2f6176616a, R10=0x6b726f7774654e2f, R11=0x6361667265746e49
R12=0x00000000000083ad, R13=0x00007fcee941c280, R14=0x0000000000000000, R15=0x00007fced00d21f0
RIP=0x00007fcf1751eea5, EFLAGS=0x0000000000010246, CSGSFS=0x002b000000000033, ERR=0x0000000000000004
  TRAPNO=0x000000000000000e

Top of Stack: (sp=0x00007fcee941c1d0)
0x00007fcee941c1d0:   0000000000000000 00007fcee941d318
0x00007fcee941c1e0:   00007fcf10023fd0 00007fcee941c280
0x00007fcee941c1f0:   00007fcee941c260 00007fcf1751fb6e
0x00007fcee941c200:   00007fcee84b5980 00007fced1671000 

Instructions: (pc=0x00007fcf1751eea5)
0x00007fcf1751eda5:   5d 98 e8 04 f3 ff ff 4c 8b 5d 98 4d 01 df 4d 85
0x00007fcf1751edb5:   f6 74 08 4c 89 f7 e8 70 f3 ff ff 44 03 65 90 e9
0x00007fcf1751edc5:   3f fe ff ff 0f 1f 80 00 00 00 00 41 8b 10 41 89
0x00007fcf1751edd5:   55 00 41 8b 54 00 fc 41 89 54 05 fc e9 8a fc ff
0x00007fcf1751ede5:   ff 66 2e 0f 1f 84 00 00 00 00 00 b9 0a 00 00 00
0x00007fcf1751edf5:   e9 f8 fc ff ff 41 0f b7 54 00 fe 66 41 89 54 05
0x00007fcf1751ee05:   fe e9 65 fc ff ff 0f 1f 44 00 00 0f b6 17 89 f0
0x00007fcf1751ee15:   89 f1 4c 8d 47 01 84 d2 74 18 90 69 c9 93 01 00
0x00007fcf1751ee25:   01 49 83 c0 01 31 d1 41 0f b6 50 ff 84 d2 75 eb
0x00007fcf1751ee35:   89 c8 25 ff ff ff 7f c3 90 66 90 48 85 d2 0f 84
0x00007fcf1751ee45:   e1 00 00 00 55 48 89 e5 41 55 41 54 41 89 cc 53
0x00007fcf1751ee55:   48 83 ec 08 85 c9 0f 84 c1 00 00 00 49 89 f5 48
0x00007fcf1751ee65:   8d 5e 01 0f b6 36 49 89 d0 40 84 f6 0f 84 a1 00
0x00007fcf1751ee75:   00 00 48 89 d9 b8 93 01 00 01 90 69 d0 93 01 00
0x00007fcf1751ee85:   01 48 83 c1 01 40 0f b6 c6 0f b6 71 ff 31 d0 40
0x00007fcf1751ee95:   84 f6 75 e7 25 ff ff ff 7f 31 d2 41 f7 f4 89 d0
0x00007fcf1751eea5:   41 8b 34 80 48 8b 07 ff 50 20 85 c0 7f 1d 74 6d
0x00007fcf1751eeb5:   f7 d0 41 89 c0 48 83 c4 08 44 89 c0 5b 41 5c 41
0x00007fcf1751eec5:   5d 5d c3 0f 1f 84 00 00 00 00 00 41 0f b6 4d 00
0x00007fcf1751eed5:   89 c6 84 c9 74 1b 0f 1f 44 00 00 69 f6 93 01 00
0x00007fcf1751eee5:   01 48 83 c3 01 31 ce 0f b6 4b ff 84 c9 75 ec 89
0x00007fcf1751eef5:   f0 25 ff ff ff 7f 31 d2 48 83 c4 08 41 f7 f4 5b
0x00007fcf1751ef05:   41 5c 41 5d 5d 41 89 d0 44 89 c0 c3 0f 1f 80 00
0x00007fcf1751ef15:   00 00 00 b8 93 01 00 01 e9 7c ff ff ff 41 b8 ff
0x00007fcf1751ef25:   ff ff ff eb 90 41 83 c8 ff 44 89 c0 c3 66 66 2e
0x00007fcf1751ef35:   0f 1f 84 00 00 00 00 00 0f 1f 00 eb 19 66 0f 1f
0x00007fcf1751ef45:   44 00 00 0f b6 16 84 d2 74 13 38 c2 75 1d 48 83
0x00007fcf1751ef55:   c7 01 48 83 c6 01 0f b6 07 84 c0 75 e6 48 89 f8
0x00007fcf1751ef65:   c3 66 2e 0f 1f 84 00 00 00 00 00 31 c0 c3 90 66
0x00007fcf1751ef75:   66 2e 0f 1f 84 00 00 00 00 00 90 48 85 f6 74 55
0x00007fcf1751ef85:   0f b6 06 84 c0 74 4e 0f 1f 40 00 0f b6 d0 83 e0
0x00007fcf1751ef95:   07 c1 fa 03 44 8d 50 01 0f b6 c0 41 89 d1 4c 8d 


Stack slot to memory mapping:
stack at sp + 0 slots: 0x0 is NULL
stack at sp + 1 slots: 0x00007fcee941d318 is pointing into the stack for thread: 0x00007fced1671000
stack at sp + 2 slots: 0x00007fcf10023fd0 points into unknown readable memory: 50 06 01 bc ce 7f 00 00
stack at sp + 3 slots: 0x00007fcee941c280 is pointing into the stack for thread: 0x00007fced1671000
stack at sp + 4 slots: 0x00007fcee941c260 is pointing into the stack for thread: 0x00007fced1671000
stack at sp + 5 slots: 0x00007fcf1751fb6e: <offset 0x0000000000003b6e> in /usr/lib/jvm/java-11-openjdk-amd64/lib/libjimage.so at 0x00007fcf1751c000
stack at sp + 6 slots: {method} {0x00007fcee84b5980} 'tryReleaseShared' '(I)Z' in 'org/apache/tomcat/util/threads/LimitLatch$Sync'
stack at sp + 7 slots: 0x00007fced1671000 is a thread


---------------  P R O C E S S  ---------------

Threads class SMR info:
_java_thread_list=0x000055feaf3643c0, length=33, elements={
0x00007fcf100b8000, 0x00007fcf100ba000, 0x00007fcf100c3800, 0x00007fcf100c6000,
0x00007fcf100c8000, 0x00007fcf100ca000, 0x00007fcf10107800, 0x00007fcf1010b800,
0x00007fcf1010d000, 0x00007fcf10113000, 0x00007fceccc2b000, 0x00007fceccf84000,
0x00007fcecdcf8800, 0x00007fcecdcf9800, 0x00007fcecdce8800, 0x00007fcecdd03000,
0x00007fcece1ab800, 0x00007fcece1ba000, 0x00007fcece1bb000, 0x00007fcece1b0800,
0x00007fcece1b2800, 0x00007fcece1c2000, 0x00007fcece1c4000, 0x00007fcece1c6800,
0x00007fcece1c8800, 0x00007fcece1ca800, 0x00007fcece1cc800, 0x00007fcece1ce800,
0x00007fcece1d4800, 0x00007fcece1d8000, 0x00007fcf10017800, 0x00007fcecc047000,
0x00007fced1671000
}

Java Threads: ( => current thread )
  0x00007fcf100b8000 JavaThread "Reference Handler" daemon [_thread_blocked, id=24631, stack(0x00007fcf14277000,0x00007fcf14378000)]
  0x00007fcf100ba000 JavaThread "Finalizer" daemon [_thread_blocked, id=24632, stack(0x00007fcf14176000,0x00007fcf14277000)]
  0x00007fcf100c3800 JavaThread "Signal Dispatcher" daemon [_thread_blocked, id=24633, stack(0x00007fcf14015000,0x00007fcf14116000)]
  0x00007fcf100c6000 JavaThread "C2 CompilerThread0" daemon [_thread_blocked, id=24634, stack(0x00007fcef800c000,0x00007fcef810d000)]
  0x00007fcf100c8000 JavaThread "C1 CompilerThread0" daemon [_thread_blocked, id=24635, stack(0x00007fcee9c87000,0x00007fcee9d88000)]
  0x00007fcf100ca000 JavaThread "Sweeper thread" daemon [_thread_blocked, id=24636, stack(0x00007fcee9b86000,0x00007fcee9c87000)]
  0x00007fcf10107800 JavaThread "JDWP Transport Listener: dt_socket" daemon [_thread_in_native, id=24638, stack(0x00007fcee9a85000,0x00007fcee9b86000)]
  0x00007fcf1010b800 JavaThread "JDWP Event Helper Thread" daemon [_thread_blocked, id=24639, stack(0x00007fcee9984000,0x00007fcee9a85000)]
  0x00007fcf1010d000 JavaThread "Service Thread" daemon [_thread_blocked, id=24645, stack(0x00007fcee9782000,0x00007fcee9883000)]
  0x00007fcf10113000 JavaThread "Common-Cleaner" daemon [_thread_blocked, id=24647, stack(0x00007fcee957f000,0x00007fcee9680000)]
  0x00007fceccc2b000 JavaThread "mysql-cj-abandoned-connection-cleanup" daemon [_thread_blocked, id=24656, stack(0x00007fcee8f1d000,0x00007fcee901e000)]
  0x00007fceccf84000 JavaThread "HikariPool-1 housekeeper" daemon [_thread_blocked, id=24658, stack(0x00007fcebb2ff000,0x00007fcebb400000)]
  0x00007fcecdcf8800 JavaThread "Catalina-utility-1" [_thread_blocked, id=24669, stack(0x00007fceb9a73000,0x00007fceb9b74000)]
  0x00007fcecdcf9800 JavaThread "Catalina-utility-2" [_thread_blocked, id=24670, stack(0x00007fceb9972000,0x00007fceb9a73000)]
  0x00007fcecdce8800 JavaThread "container-0" [_thread_blocked, id=24671, stack(0x00007fceb9871000,0x00007fceb9972000)]
  0x00007fcecdd03000 JavaThread "Live Reload Server" daemon [_thread_in_native, id=24673, stack(0x00007fceb9ea1000,0x00007fceb9fa2000)]
  0x00007fcece1ab800 JavaThread "File Watcher" daemon [_thread_blocked, id=24676, stack(0x00007fcebaffe000,0x00007fcebb0ff000)]
  0x00007fcece1ba000 JavaThread "http-nio-4444-BlockPoller" daemon [_thread_in_native, id=24677, stack(0x00007fceb9fa2000,0x00007fceba0a3000)]
  0x00007fcece1bb000 JavaThread "http-nio-4444-exec-1" daemon [_thread_blocked, id=24678, stack(0x00007fceba0fd000,0x00007fceba1fe000)]
  0x00007fcece1b0800 JavaThread "http-nio-4444-exec-2" daemon [_thread_blocked, id=24679, stack(0x00007fceb9ba0000,0x00007fceb9ca1000)]
  0x00007fcece1b2800 JavaThread "http-nio-4444-exec-3" daemon [_thread_blocked, id=24680, stack(0x00007fceb9770000,0x00007fceb9871000)]
  0x00007fcece1c2000 JavaThread "http-nio-4444-exec-4" daemon [_thread_blocked, id=24681, stack(0x00007fceb966f000,0x00007fceb9770000)]
  0x00007fcece1c4000 JavaThread "http-nio-4444-exec-5" daemon [_thread_blocked, id=24682, stack(0x00007fceb956e000,0x00007fceb966f000)]
  0x00007fcece1c6800 JavaThread "http-nio-4444-exec-6" daemon [_thread_blocked, id=24683, stack(0x00007fceb946d000,0x00007fceb956e000)]
  0x00007fcece1c8800 JavaThread "http-nio-4444-exec-7" daemon [_thread_blocked, id=24684, stack(0x00007fceb936c000,0x00007fceb946d000)]
  0x00007fcece1ca800 JavaThread "http-nio-4444-exec-8" daemon [_thread_blocked, id=24685, stack(0x00007fceb926b000,0x00007fceb936c000)]
  0x00007fcece1cc800 JavaThread "http-nio-4444-exec-9" daemon [_thread_blocked, id=24686, stack(0x00007fceb916a000,0x00007fceb926b000)]
  0x00007fcece1ce800 JavaThread "http-nio-4444-exec-10" daemon [_thread_blocked, id=24687, stack(0x00007fceb9069000,0x00007fceb916a000)]
  0x00007fcece1d4800 JavaThread "http-nio-4444-ClientPoller" daemon [_thread_in_native, id=24688, stack(0x00007fceb8f68000,0x00007fceb9069000)]
  0x00007fcece1d8000 JavaThread "http-nio-4444-Acceptor" daemon [_thread_in_native, id=24689, stack(0x00007fceb8e67000,0x00007fceb8f68000)]
  0x00007fcf10017800 JavaThread "DestroyJavaVM" [_thread_blocked, id=24624, stack(0x00007fcf175a3000,0x00007fcf176a4000)]
  0x00007fcecc047000 JavaThread "SIGHUP handler" daemon [_thread_blocked, id=81198, stack(0x00007fcee921e000,0x00007fcee931f000)]
=>0x00007fced1671000 JavaThread "SpringContextShutdownHook" [_thread_in_vm, id=81199, stack(0x00007fcee931f000,0x00007fcee9420000)]

Other Threads:
  0x00007fcf100b5800 VMThread "VM Thread" [stack: 0x00007fcf1437a000,0x00007fcf1447a000] [id=24630]
  0x00007fcf1010f800 WatcherThread [stack: 0x00007fcee9682000,0x00007fcee9782000] [id=24646]
  0x00007fcf1002f800 GCTaskThread "GC Thread#0" [stack: 0x00007fcf1723a000,0x00007fcf1733a000] [id=24625]
  0x00007fcee0001000 GCTaskThread "GC Thread#1" [stack: 0x00007fcee9422000,0x00007fcee9522000] [id=24648]
  0x00007fcf1004a800 ConcurrentGCThread "G1 Main Marker" [stack: 0x00007fcf14aca000,0x00007fcf14bca000] [id=24626]
  0x00007fcf1004c800 ConcurrentGCThread "G1 Conc#0" [stack: 0x00007fcf149c8000,0x00007fcf14ac8000] [id=24627]
  0x00007fcf10087800 ConcurrentGCThread "G1 Refine#0" [stack: 0x00007fcf146c4000,0x00007fcf147c4000] [id=24628]
  0x00007fcf10089800 ConcurrentGCThread "G1 Young RemSet Sampling" [stack: 0x00007fcf145c2000,0x00007fcf146c2000] [id=24629]

Threads with active compile tasks:

VM state:not at safepoint (normal execution)

VM Mutex/Monitor currently owned by a thread: None

Heap address: 0x00000000c2e00000, size: 978 MB, Compressed Oops mode: 32-bit
Narrow klass base: 0x0000000800000000, Narrow klass shift: 3
Compressed class space size: 1073741824 Address: 0x0000000840000000

Heap:
 garbage-first heap   total 95232K, used 57759K [0x00000000c2e00000, 0x0000000100000000)
  region size 1024K, 12 young (12288K), 1 survivors (1024K)
 Metaspace       used 69220K, capacity 71097K, committed 71760K, reserved 1112064K
  class space    used 8983K, capacity 9728K, committed 9984K, reserved 1048576K
Heap Regions: E=young(eden), S=young(survivor), O=old, HS=humongous(starts), HC=humongous(continues), CS=collection set, F=free, A=archive, TAMS=top-at-mark-start (previous, next)
|   0|0x00000000c2e00000, 0x00000000c2f00000, 0x00000000c2f00000|100%|HS|  |TAMS 0x00000000c2f00000, 0x00000000c2e00000| Complete 
|   1|0x00000000c2f00000, 0x00000000c3000000, 0x00000000c3000000|100%| O|  |TAMS 0x00000000c3000000, 0x00000000c2f00000| Untracked 
|   2|0x00000000c3000000, 0x00000000c3100000, 0x00000000c3100000|100%| O|  |TAMS 0x00000000c3100000, 0x00000000c3000000| Untracked 
|   3|0x00000000c3100000, 0x00000000c3200000, 0x00000000c3200000|100%| O|  |TAMS 0x00000000c3200000, 0x00000000c3100000| Untracked 
|   4|0x00000000c3200000, 0x00000000c3300000, 0x00000000c3300000|100%| O|  |TAMS 0x00000000c3300000, 0x00000000c3200000| Untracked 
|   5|0x00000000c3300000, 0x00000000c3400000, 0x00000000c3400000|100%| O|  |TAMS 0x00000000c3400000, 0x00000000c3300000| Untracked 
|   6|0x00000000c3400000, 0x00000000c3500000, 0x00000000c3500000|100%| O|  |TAMS 0x00000000c3500000, 0x00000000c3400000| Untracked 
|   7|0x00000000c3500000, 0x00000000c3600000, 0x00000000c3600000|100%| O|  |TAMS 0x00000000c3600000, 0x00000000c3500000| Untracked 
|   8|0x00000000c3600000, 0x00000000c3700000, 0x00000000c3700000|100%| O|  |TAMS 0x00000000c3700000, 0x00000000c3600000| Untracked 
|   9|0x00000000c3700000, 0x00000000c3800000, 0x00000000c3800000|100%| O|  |TAMS 0x00000000c3800000, 0x00000000c3700000| Untracked 
|  10|0x00000000c3800000, 0x00000000c3900000, 0x00000000c3900000|100%| O|  |TAMS 0x00000000c3900000, 0x00000000c3800000| Untracked 
|  11|0x00000000c3900000, 0x00000000c3a00000, 0x00000000c3a00000|100%| O|  |TAMS 0x00000000c3a00000, 0x00000000c3900000| Untracked 
|  12|0x00000000c3a00000, 0x00000000c3b00000, 0x00000000c3b00000|100%| O|  |TAMS 0x00000000c3b00000, 0x00000000c3a00000| Untracked 
|  13|0x00000000c3b00000, 0x00000000c3c00000, 0x00000000c3c00000|100%| O|  |TAMS 0x00000000c3c00000, 0x00000000c3b00000| Untracked 
|  14|0x00000000c3c00000, 0x00000000c3c00000, 0x00000000c3d00000|  0%| F|  |TAMS 0x00000000c3c00000, 0x00000000c3c00000| Untracked 
|  15|0x00000000c3d00000, 0x00000000c3e00000, 0x00000000c3e00000|100%| O|  |TAMS 0x00000000c3e00000, 0x00000000c3d00000| Untracked 
|  16|0x00000000c3e00000, 0x00000000c3f00000, 0x00000000c3f00000|100%| O|  |TAMS 0x00000000c3f00000, 0x00000000c3e00000| Untracked 
|  17|0x00000000c3f00000, 0x00000000c3f00000, 0x00000000c4000000|  0%| F|  |TAMS 0x00000000c3f00000, 0x00000000c3f00000| Untracked 
|  18|0x00000000c4000000, 0x00000000c4100000, 0x00000000c4100000|100%| O|  |TAMS 0x00000000c4000000, 0x00000000c4000000| Untracked 
|  19|0x00000000c4100000, 0x00000000c4100000, 0x00000000c4200000|  0%| F|  |TAMS 0x00000000c4100000, 0x00000000c4100000| Untracked 
|  20|0x00000000c4200000, 0x00000000c4300000, 0x00000000c4300000|100%| O|  |TAMS 0x00000000c4300000, 0x00000000c4200000| Untracked 
|  21|0x00000000c4300000, 0x00000000c4400000, 0x00000000c4400000|100%| O|  |TAMS 0x00000000c4400000, 0x00000000c4300000| Untracked 
|  22|0x00000000c4400000, 0x00000000c4500000, 0x00000000c4500000|100%| O|  |TAMS 0x00000000c4500000, 0x00000000c4400000| Untracked 
|  23|0x00000000c4500000, 0x00000000c4600000, 0x00000000c4600000|100%| O|  |TAMS 0x00000000c4600000, 0x00000000c4500000| Untracked 
|  24|0x00000000c4600000, 0x00000000c4600000, 0x00000000c4700000|  0%| F|  |TAMS 0x00000000c4600000, 0x00000000c4600000| Untracked 
|  25|0x00000000c4700000, 0x00000000c4700000, 0x00000000c4800000|  0%| F|  |TAMS 0x00000000c4700000, 0x00000000c4700000| Untracked 
|  26|0x00000000c4800000, 0x00000000c4900000, 0x00000000c4900000|100%| O|  |TAMS 0x00000000c4855400, 0x00000000c4800000| Untracked 
|  27|0x00000000c4900000, 0x00000000c4a00000, 0x00000000c4a00000|100%| O|  |TAMS 0x00000000c4a00000, 0x00000000c4900000| Untracked 
|  28|0x00000000c4a00000, 0x00000000c4b00000, 0x00000000c4b00000|100%| O|  |TAMS 0x00000000c4a00000, 0x00000000c4a00000| Untracked 
|  29|0x00000000c4b00000, 0x00000000c4c00000, 0x00000000c4c00000|100%| O|  |TAMS 0x00000000c4b00000, 0x00000000c4b00000| Untracked 
|  30|0x00000000c4c00000, 0x00000000c4d00000, 0x00000000c4d00000|100%| O|  |TAMS 0x00000000c4d00000, 0x00000000c4c00000| Untracked 
|  31|0x00000000c4d00000, 0x00000000c4e00000, 0x00000000c4e00000|100%| O|  |TAMS 0x00000000c4d00000, 0x00000000c4d00000| Untracked 
|  32|0x00000000c4e00000, 0x00000000c4f00000, 0x00000000c4f00000|100%| O|  |TAMS 0x00000000c4f00000, 0x00000000c4e00000| Untracked 
|  33|0x00000000c4f00000, 0x00000000c5000000, 0x00000000c5000000|100%| O|  |TAMS 0x00000000c5000000, 0x00000000c4f00000| Untracked 
|  34|0x00000000c5000000, 0x00000000c5100000, 0x00000000c5100000|100%| O|  |TAMS 0x00000000c5100000, 0x00000000c5000000| Untracked 
|  35|0x00000000c5100000, 0x00000000c51b2a00, 0x00000000c5200000| 69%| O|  |TAMS 0x00000000c5100000, 0x00000000c5100000| Untracked 
|  36|0x00000000c5200000, 0x00000000c5200000, 0x00000000c5300000|  0%| F|  |TAMS 0x00000000c5200000, 0x00000000c5200000| Untracked 
|  37|0x00000000c5300000, 0x00000000c5400000, 0x00000000c5400000|100%| O|  |TAMS 0x00000000c5400000, 0x00000000c5300000| Untracked 
|  38|0x00000000c5400000, 0x00000000c5500000, 0x00000000c5500000|100%| O|  |TAMS 0x00000000c5500000, 0x00000000c5400000| Untracked 
|  39|0x00000000c5500000, 0x00000000c5600000, 0x00000000c5600000|100%| O|  |TAMS 0x00000000c5600000, 0x00000000c5500000| Untracked 
|  40|0x00000000c5600000, 0x00000000c5700000, 0x00000000c5700000|100%| O|  |TAMS 0x00000000c5700000, 0x00000000c5600000| Untracked 
|  41|0x00000000c5700000, 0x00000000c5800000, 0x00000000c5800000|100%| O|  |TAMS 0x00000000c5800000, 0x00000000c5700000| Untracked 
|  42|0x00000000c5800000, 0x00000000c5900000, 0x00000000c5900000|100%| O|  |TAMS 0x00000000c5900000, 0x00000000c5800000| Untracked 
|  43|0x00000000c5900000, 0x00000000c5900000, 0x00000000c5a00000|  0%| F|  |TAMS 0x00000000c5900000, 0x00000000c5900000| Untracked 
|  44|0x00000000c5a00000, 0x00000000c5b00000, 0x00000000c5b00000|100%| O|  |TAMS 0x00000000c5b00000, 0x00000000c5a00000| Untracked 
|  45|0x00000000c5b00000, 0x00000000c5c00000, 0x00000000c5c00000|100%| O|  |TAMS 0x00000000c5c00000, 0x00000000c5b00000| Untracked 
|  46|0x00000000c5c00000, 0x00000000c5d00000, 0x00000000c5d00000|100%| O|  |TAMS 0x00000000c5d00000, 0x00000000c5c00000| Untracked 
|  47|0x00000000c5d00000, 0x00000000c5e00000, 0x00000000c5e00000|100%| O|  |TAMS 0x00000000c5e00000, 0x00000000c5d00000| Untracked 
|  48|0x00000000c5e00000, 0x00000000c5f00000, 0x00000000c5f00000|100%| O|  |TAMS 0x00000000c5f00000, 0x00000000c5e00000| Untracked 
|  49|0x00000000c5f00000, 0x00000000c6000000, 0x00000000c6000000|100%| O|  |TAMS 0x00000000c6000000, 0x00000000c5f00000| Untracked 
|  50|0x00000000c6000000, 0x00000000c6100000, 0x00000000c6100000|100%| O|  |TAMS 0x00000000c6100000, 0x00000000c6000000| Untracked 
|  51|0x00000000c6100000, 0x00000000c6200000, 0x00000000c6200000|100%| O|  |TAMS 0x00000000c6200000, 0x00000000c6100000| Untracked 
|  52|0x00000000c6200000, 0x00000000c6300000, 0x00000000c6300000|100%| O|  |TAMS 0x00000000c6300000, 0x00000000c6200000| Untracked 
|  53|0x00000000c6300000, 0x00000000c6300000, 0x00000000c6400000|  0%| F|  |TAMS 0x00000000c6300000, 0x00000000c6300000| Untracked 
|  54|0x00000000c6400000, 0x00000000c6400000, 0x00000000c6500000|  0%| F|  |TAMS 0x00000000c6400000, 0x00000000c6400000| Untracked 
|  55|0x00000000c6500000, 0x00000000c6500000, 0x00000000c6600000|  0%| F|  |TAMS 0x00000000c6500000, 0x00000000c6500000| Untracked 
|  56|0x00000000c6600000, 0x00000000c6600000, 0x00000000c6700000|  0%| F|  |TAMS 0x00000000c6600000, 0x00000000c6600000| Untracked 
|  57|0x00000000c6700000, 0x00000000c6700000, 0x00000000c6800000|  0%| F|  |TAMS 0x00000000c6700000, 0x00000000c6700000| Untracked 
|  58|0x00000000c6800000, 0x00000000c6800000, 0x00000000c6900000|  0%| F|  |TAMS 0x00000000c6800000, 0x00000000c6800000| Untracked 
|  59|0x00000000c6900000, 0x00000000c6900000, 0x00000000c6a00000|  0%| F|  |TAMS 0x00000000c6900000, 0x00000000c6900000| Untracked 
|  60|0x00000000c6a00000, 0x00000000c6a00000, 0x00000000c6b00000|  0%| F|  |TAMS 0x00000000c6a00000, 0x00000000c6a00000| Untracked 
|  61|0x00000000c6b00000, 0x00000000c6b00000, 0x00000000c6c00000|  0%| F|  |TAMS 0x00000000c6b00000, 0x00000000c6b00000| Untracked 
|  62|0x00000000c6c00000, 0x00000000c6c00000, 0x00000000c6d00000|  0%| F|  |TAMS 0x00000000c6c00000, 0x00000000c6c00000| Untracked 
|  63|0x00000000c6d00000, 0x00000000c6d00000, 0x00000000c6e00000|  0%| F|  |TAMS 0x00000000c6d00000, 0x00000000c6d00000| Untracked 
|  64|0x00000000c6e00000, 0x00000000c6e00000, 0x00000000c6f00000|  0%| F|  |TAMS 0x00000000c6e00000, 0x00000000c6e00000| Untracked 
|  65|0x00000000c6f00000, 0x00000000c6f00000, 0x00000000c7000000|  0%| F|  |TAMS 0x00000000c6f00000, 0x00000000c6f00000| Untracked 
|  66|0x00000000c7000000, 0x00000000c7000000, 0x00000000c7100000|  0%| F|  |TAMS 0x00000000c7000000, 0x00000000c7000000| Untracked 
|  67|0x00000000c7100000, 0x00000000c7100000, 0x00000000c7200000|  0%| F|  |TAMS 0x00000000c7100000, 0x00000000c7100000| Untracked 
|  68|0x00000000c7200000, 0x00000000c7200000, 0x00000000c7300000|  0%| F|  |TAMS 0x00000000c7200000, 0x00000000c7200000| Untracked 
|  69|0x00000000c7300000, 0x00000000c7300000, 0x00000000c7400000|  0%| F|  |TAMS 0x00000000c7300000, 0x00000000c7300000| Untracked 
|  70|0x00000000c7400000, 0x00000000c7400000, 0x00000000c7500000|  0%| F|  |TAMS 0x00000000c7400000, 0x00000000c7400000| Untracked 
|  71|0x00000000c7500000, 0x00000000c7500000, 0x00000000c7600000|  0%| F|  |TAMS 0x00000000c7500000, 0x00000000c7500000| Untracked 
|  72|0x00000000c7600000, 0x00000000c7600000, 0x00000000c7700000|  0%| F|  |TAMS 0x00000000c7600000, 0x00000000c7600000| Untracked 
|  73|0x00000000c7700000, 0x00000000c7700000, 0x00000000c7800000|  0%| F|  |TAMS 0x00000000c7700000, 0x00000000c7700000| Untracked 
|  74|0x00000000c7800000, 0x00000000c7800000, 0x00000000c7900000|  0%| F|  |TAMS 0x00000000c7800000, 0x00000000c7800000| Untracked 
|  75|0x00000000c7900000, 0x00000000c7900000, 0x00000000c7a00000|  0%| F|  |TAMS 0x00000000c7900000, 0x00000000c7900000| Untracked 
|  76|0x00000000c7a00000, 0x00000000c7a00000, 0x00000000c7b00000|  0%| F|  |TAMS 0x00000000c7a00000, 0x00000000c7a00000| Untracked 
|  77|0x00000000c7b00000, 0x00000000c7b00000, 0x00000000c7c00000|  0%| F|  |TAMS 0x00000000c7b00000, 0x00000000c7b00000| Untracked 
|  78|0x00000000c7c00000, 0x00000000c7c00000, 0x00000000c7d00000|  0%| F|  |TAMS 0x00000000c7c00000, 0x00000000c7c00000| Untracked 
|  79|0x00000000c7d00000, 0x00000000c7dc2500, 0x00000000c7e00000| 75%| E|  |TAMS 0x00000000c7d00000, 0x00000000c7d00000| Complete 
|  80|0x00000000c7e00000, 0x00000000c7f00000, 0x00000000c7f00000|100%| E|CS|TAMS 0x00000000c7e00000, 0x00000000c7e00000| Complete 
|  81|0x00000000c7f00000, 0x00000000c8000000, 0x00000000c8000000|100%| E|CS|TAMS 0x00000000c7f00000, 0x00000000c7f00000| Complete 
|  82|0x00000000c8000000, 0x00000000c8100000, 0x00000000c8100000|100%| E|CS|TAMS 0x00000000c8000000, 0x00000000c8000000| Complete 
|  83|0x00000000c8100000, 0x00000000c8200000, 0x00000000c8200000|100%| E|CS|TAMS 0x00000000c8100000, 0x00000000c8100000| Complete 
|  84|0x00000000c8200000, 0x00000000c8300000, 0x00000000c8300000|100%| E|CS|TAMS 0x00000000c8200000, 0x00000000c8200000| Complete 
|  85|0x00000000c8300000, 0x00000000c8400000, 0x00000000c8400000|100%| E|CS|TAMS 0x00000000c8300000, 0x00000000c8300000| Complete 
|  86|0x00000000c8400000, 0x00000000c8500000, 0x00000000c8500000|100%| E|CS|TAMS 0x00000000c8400000, 0x00000000c8400000| Complete 
|  87|0x00000000c8500000, 0x00000000c8600000, 0x00000000c8600000|100%| E|CS|TAMS 0x00000000c8500000, 0x00000000c8500000| Complete 
|  88|0x00000000c8600000, 0x00000000c8700000, 0x00000000c8700000|100%| E|CS|TAMS 0x00000000c8600000, 0x00000000c8600000| Complete 
|  89|0x00000000c8700000, 0x00000000c87045b8, 0x00000000c8800000|  1%| S|CS|TAMS 0x00000000c8700000, 0x00000000c8700000| Complete 
|  90|0x00000000c8800000, 0x00000000c8900000, 0x00000000c8900000|100%| E|CS|TAMS 0x00000000c8800000, 0x00000000c8800000| Complete 
| 976|0x00000000ffe00000, 0x00000000ffe47000, 0x00000000fff00000| 27%|OA|  |TAMS 0x00000000ffe47000, 0x00000000ffe00000| Untracked 
| 977|0x00000000fff00000, 0x00000000fff6a000, 0x0000000100000000| 41%|CA|  |TAMS 0x00000000fff6a000, 0x00000000fff00000| Untracked 

Card table byte_map: [0x00007fcf16c64000,0x00007fcf16e4d000] _byte_map_base: 0x00007fcf1664d000

Marking Bits (Prev, Next): (CMBitMap*) 0x00007fcf10045b28, (CMBitMap*) 0x00007fcf10045b60
 Prev Bits: [0x00007fcf15b33000, 0x00007fcf16a7b000)
 Next Bits: [0x00007fcf14beb000, 0x00007fcf15b33000)

Polling page: 0x00007fcf18d6b000

Metaspace:

Usage:
  Non-class:     59.93 MB capacity,    58.82 MB ( 98%) used,   883.50 KB (  1%) free+waste,   249.06 KB ( <1%) overhead. 
      Class:      9.50 MB capacity,     8.77 MB ( 92%) used,   630.17 KB (  6%) free+waste,   114.19 KB (  1%) overhead. 
       Both:     69.43 MB capacity,    67.60 MB ( 97%) used,     1.48 MB (  2%) free+waste,   363.25 KB ( <1%) overhead. 

Virtual space:
  Non-class space:       62.00 MB reserved,      60.33 MB ( 97%) committed 
      Class space:        1.00 GB reserved,       9.75 MB ( <1%) committed 
             Both:        1.06 GB reserved,      70.08 MB (  6%) committed 

Chunk freelists:
   Non-Class:  379.00 KB
       Class:  160.00 KB
        Both:  539.00 KB

MaxMetaspaceSize: unlimited
CompressedClassSpaceSize: 1.00 GB

CodeHeap 'non-profiled nmethods': size=120036Kb used=5552Kb max_used=5552Kb free=114483Kb
 bounds [0x00007fcf003d4000, 0x00007fcf00944000, 0x00007fcf0790d000]
CodeHeap 'profiled nmethods': size=120032Kb used=16782Kb max_used=16782Kb free=103249Kb
 bounds [0x00007fcef8e9c000, 0x00007fcef9f0c000, 0x00007fcf003d4000]
CodeHeap 'non-nmethods': size=5692Kb used=1310Kb max_used=1389Kb free=4381Kb
 bounds [0x00007fcef890d000, 0x00007fcef8b7d000, 0x00007fcef8e9c000]
 total_blobs=9759 nmethods=7069 adapters=555
 compilation: enabled
              stopped_count=0, restarted_count=0
 full_count=0

Compilation events (20 events):
Event: 7580.009 Thread 0x00007fcf100c8000 nmethod 7304 0x00007fcef9ef6590 code [0x00007fcef9ef6900, 0x00007fcef9ef8638]
Event: 7669.934 Thread 0x00007fcf100c8000 7305   !   3       com.zaxxer.hikari.pool.HikariPool$HouseKeeper::run (471 bytes)
Event: 7670.093 Thread 0x00007fcf100c8000 nmethod 7305 0x00007fcef9ef8f10 code [0x00007fcef9ef94a0, 0x00007fcef9efca08]
Event: 7934.881 Thread 0x00007fcf100c8000 7308   !   3       java.util.concurrent.locks.AbstractQueuedSynchronizer::acquireQueued (74 bytes)
Event: 7934.940 Thread 0x00007fcf100c8000 nmethod 7308 0x00007fcef9efe890 code [0x00007fcef9efeb40, 0x00007fcef9eff8a8]
Event: 7948.866 Thread 0x00007fcf100c6000 7309       4       java.util.concurrent.ScheduledThreadPoolExecutor$DelayedWorkQueue::finishPoll (43 bytes)
Event: 7949.124 Thread 0x00007fcf100c6000 nmethod 7309 0x00007fcf00936490 code [0x00007fcf00936680, 0x00007fcf009374f8]
Event: 7983.668 Thread 0x00007fcf100c8000 7310   !   3       java.util.concurrent.ThreadPoolExecutor::getTask (177 bytes)
Event: 7983.687 Thread 0x00007fcf100c8000 nmethod 7310 0x00007fcef9effe10 code [0x00007fcef9f000a0, 0x00007fcef9f01118]
Event: 8098.866 Thread 0x00007fcf100c6000 7311       4       java.util.concurrent.locks.AbstractQueuedSynchronizer$ConditionObject::await (98 bytes)
Event: 8099.079 Thread 0x00007fcf100c6000 nmethod 7311 0x00007fcf00937d10 code [0x00007fcf00937fa0, 0x00007fcf009398c0]
Event: 8153.867 Thread 0x00007fcf100c8000 7312   !   3       java.util.concurrent.locks.AbstractQueuedSynchronizer::doAcquireInterruptibly (74 bytes)
Event: 8153.870 Thread 0x00007fcf100c8000 nmethod 7312 0x00007fcef9f01610 code [0x00007fcef9f018e0, 0x00007fcef9f025b8]
Event: 8308.903 Thread 0x00007fcf100c6000 7313   !   4       jdk.internal.loader.BuiltinClassLoader::findResource (154 bytes)
Event: 8310.536 Thread 0x00007fcf100c6000 nmethod 7313 0x00007fcf0093a490 code [0x00007fcf0093a6e0, 0x00007fcf0093b2d0]
Event: 8318.866 Thread 0x00007fcf100c6000 7314       4       java.util.concurrent.locks.AbstractQueuedSynchronizer$ConditionObject::awaitNanos (181 bytes)
Event: 8318.995 Thread 0x00007fcf100c6000 nmethod 7314 0x00007fcf0093bc10 code [0x00007fcf0093bec0, 0x00007fcf0093e190]
Event: 8324.709 Thread 0x00007fcf100c8000 7315       3       java.util.Collections$3::hasMoreElements (10 bytes)
Event: 8324.709 Thread 0x00007fcf100c8000 nmethod 7315 0x00007fcef9f02b90 code [0x00007fcef9f02d60, 0x00007fcef9f02fc8]
Event: 8329.346 Thread 0x00007fcf100c6000 7316       4       java.util.concurrent.ScheduledThreadPoolExecutor$DelayedWorkQueue::siftUp (64 bytes)

GC Heap History (20 events):
Event: 1903.584 GC heap before
{Heap before GC invocations=31 (full 0):
 garbage-first heap   total 95232K, used 69877K [0x00000000c2e00000, 0x0000000100000000)
  region size 1024K, 31 young (31744K), 3 survivors (3072K)
 Metaspace       used 69269K, capacity 71335K, committed 71504K, reserved 1112064K
  class space    used 9058K, capacity 9876K, committed 9984K, reserved 1048576K
}
Event: 1903.631 GC heap after
{Heap after GC invocations=32 (full 0):
 garbage-first heap   total 95232K, used 45446K [0x00000000c2e00000, 0x0000000100000000)
  region size 1024K, 4 young (4096K), 4 survivors (4096K)
 Metaspace       used 69269K, capacity 71335K, committed 71504K, reserved 1112064K
  class space    used 9058K, capacity 9876K, committed 9984K, reserved 1048576K
}
Event: 3152.051 GC heap before
{Heap before GC invocations=32 (full 0):
 garbage-first heap   total 95232K, used 73094K [0x00000000c2e00000, 0x0000000100000000)
  region size 1024K, 31 young (31744K), 4 survivors (4096K)
 Metaspace       used 69289K, capacity 71335K, committed 71504K, reserved 1112064K
  class space    used 9058K, capacity 9876K, committed 9984K, reserved 1048576K
}
Event: 3152.112 GC heap after
{Heap after GC invocations=33 (full 0):
 garbage-first heap   total 95232K, used 45837K [0x00000000c2e00000, 0x0000000100000000)
  region size 1024K, 1 young (1024K), 1 survivors (1024K)
 Metaspace       used 69289K, capacity 71335K, committed 71504K, reserved 1112064K
  class space    used 9058K, capacity 9876K, committed 9984K, reserved 1048576K
}
Event: 3853.141 GC heap before
{Heap before GC invocations=34 (full 0):
 garbage-first heap   total 95232K, used 72461K [0x00000000c2e00000, 0x0000000100000000)
  region size 1024K, 28 young (28672K), 1 survivors (1024K)
 Metaspace       used 69130K, capacity 71037K, committed 71760K, reserved 1112064K
  class space    used 8986K, capacity 9738K, committed 9984K, reserved 1048576K
}
Event: 3853.149 GC heap after
{Heap after GC invocations=35 (full 0):
 garbage-first heap   total 95232K, used 48998K [0x00000000c2e00000, 0x0000000100000000)
  region size 1024K, 4 young (4096K), 4 survivors (4096K)
 Metaspace       used 69130K, capacity 71037K, committed 71760K, reserved 1112064K
  class space    used 8986K, capacity 9738K, committed 9984K, reserved 1048576K
}
Event: 3897.212 GC heap before
{Heap before GC invocations=35 (full 0):
 garbage-first heap   total 95232K, used 50022K [0x00000000c2e00000, 0x0000000100000000)
  region size 1024K, 5 young (5120K), 4 survivors (4096K)
 Metaspace       used 69143K, capacity 71101K, committed 71760K, reserved 1112064K
  class space    used 8986K, capacity 9738K, committed 9984K, reserved 1048576K
}
Event: 3897.249 GC heap after
{Heap after GC invocations=36 (full 0):
 garbage-first heap   total 95232K, used 45152K [0x00000000c2e00000, 0x0000000100000000)
  region size 1024K, 1 young (1024K), 1 survivors (1024K)
 Metaspace       used 69143K, capacity 71101K, committed 71760K, reserved 1112064K
  class space    used 8986K, capacity 9738K, committed 9984K, reserved 1048576K
}
Event: 5142.687 GC heap before
{Heap before GC invocations=36 (full 0):
 garbage-first heap   total 95232K, used 72800K [0x00000000c2e00000, 0x0000000100000000)
  region size 1024K, 28 young (28672K), 1 survivors (1024K)
 Metaspace       used 69145K, capacity 71101K, committed 71760K, reserved 1112064K
  class space    used 8986K, capacity 9738K, committed 9984K, reserved 1048576K
}
Event: 5142.818 GC heap after
{Heap after GC invocations=37 (full 0):
 garbage-first heap   total 95232K, used 45131K [0x00000000c2e00000, 0x0000000100000000)
  region size 1024K, 1 young (1024K), 1 survivors (1024K)
 Metaspace       used 69145K, capacity 71101K, committed 71760K, reserved 1112064K
  class space    used 8986K, capacity 9738K, committed 9984K, reserved 1048576K
}
Event: 5880.868 GC heap before
{Heap before GC invocations=38 (full 0):
 garbage-first heap   total 95232K, used 72779K [0x00000000c2e00000, 0x0000000100000000)
  region size 1024K, 29 young (29696K), 1 survivors (1024K)
 Metaspace       used 69137K, capacity 71023K, committed 71760K, reserved 1112064K
  class space    used 8979K, capacity 9725K, committed 9984K, reserved 1048576K
}
Event: 5880.934 GC heap after
{Heap after GC invocations=39 (full 0):
 garbage-first heap   total 95232K, used 48249K [0x00000000c2e00000, 0x0000000100000000)
  region size 1024K, 4 young (4096K), 4 survivors (4096K)
 Metaspace       used 69137K, capacity 71023K, committed 71760K, reserved 1112064K
  class space    used 8979K, capacity 9725K, committed 9984K, reserved 1048576K
}
Event: 5924.510 GC heap before
{Heap before GC invocations=39 (full 0):
 garbage-first heap   total 95232K, used 49273K [0x00000000c2e00000, 0x0000000100000000)
  region size 1024K, 5 young (5120K), 4 survivors (4096K)
 Metaspace       used 69137K, capacity 71023K, committed 71760K, reserved 1112064K
  class space    used 8979K, capacity 9725K, committed 9984K, reserved 1048576K
}
Event: 5924.564 GC heap after
{Heap after GC invocations=40 (full 0):
 garbage-first heap   total 95232K, used 47176K [0x00000000c2e00000, 0x0000000100000000)
  region size 1024K, 1 young (1024K), 1 survivors (1024K)
 Metaspace       used 69137K, capacity 71023K, committed 71760K, reserved 1112064K
  class space    used 8979K, capacity 9725K, committed 9984K, reserved 1048576K
}
Event: 7075.195 GC heap before
{Heap before GC invocations=40 (full 0):
 garbage-first heap   total 95232K, used 73800K [0x00000000c2e00000, 0x0000000100000000)
  region size 1024K, 27 young (27648K), 1 survivors (1024K)
 Metaspace       used 69140K, capacity 71023K, committed 71760K, reserved 1112064K
  class space    used 8979K, capacity 9725K, committed 9984K, reserved 1048576K
}
Event: 7075.314 GC heap after
{Heap after GC invocations=41 (full 0):
 garbage-first heap   total 95232K, used 47449K [0x00000000c2e00000, 0x0000000100000000)
  region size 1024K, 1 young (1024K), 1 survivors (1024K)
 Metaspace       used 69140K, capacity 71023K, committed 71760K, reserved 1112064K
  class space    used 8979K, capacity 9725K, committed 9984K, reserved 1048576K
}
Event: 7823.811 GC heap before
{Heap before GC invocations=42 (full 0):
 garbage-first heap   total 95232K, used 74073K [0x00000000c2e00000, 0x0000000100000000)
  region size 1024K, 28 young (28672K), 1 survivors (1024K)
 Metaspace       used 69201K, capacity 71088K, committed 71760K, reserved 1112064K
  class space    used 8979K, capacity 9725K, committed 9984K, reserved 1048576K
}
Event: 7823.943 GC heap after
{Heap after GC invocations=43 (full 0):
 garbage-first heap   total 95232K, used 50397K [0x00000000c2e00000, 0x0000000100000000)
  region size 1024K, 4 young (4096K), 4 survivors (4096K)
 Metaspace       used 69201K, capacity 71088K, committed 71760K, reserved 1112064K
  class space    used 8979K, capacity 9725K, committed 9984K, reserved 1048576K
}
Event: 7868.396 GC heap before
{Heap before GC invocations=43 (full 0):
 garbage-first heap   total 95232K, used 51421K [0x00000000c2e00000, 0x0000000100000000)
  region size 1024K, 5 young (5120K), 4 survivors (4096K)
 Metaspace       used 69201K, capacity 71088K, committed 71760K, reserved 1112064K
  class space    used 8979K, capacity 9725K, committed 9984K, reserved 1048576K
}
Event: 7868.470 GC heap after
{Heap after GC invocations=44 (full 0):
 garbage-first heap   total 95232K, used 47519K [0x00000000c2e00000, 0x0000000100000000)
  region size 1024K, 1 young (1024K), 1 survivors (1024K)
 Metaspace       used 69201K, capacity 71088K, committed 71760K, reserved 1112064K
  class space    used 8979K, capacity 9725K, committed 9984K, reserved 1048576K
}

Deoptimization events (20 events):
Event: 8324.786 Thread 0x00007fced1671000 Uncommon trap: trap_request=0xfffffff4 fr.pc=0x00007fcf00839594 relative=0x0000000000007794
Event: 8324.798 Thread 0x00007fced1671000 Uncommon trap: reason=null_check action=make_not_entrant pc=0x00007fcf00839594 method=java.lang.Class.reflectionData()Ljava/lang/Class$ReflectionData; @ 18 c2
Event: 8324.798 Thread 0x00007fced1671000 DEOPT PACKING pc=0x00007fcf00839594 sp=0x00007fcee941e210
Event: 8324.799 Thread 0x00007fced1671000 DEOPT UNPACKING pc=0x00007fcef894541f sp=0x00007fcee941e030 mode 2
Event: 8324.799 Thread 0x00007fced1671000 Uncommon trap: trap_request=0xfffffff4 fr.pc=0x00007fcf005cb4a8 relative=0x00000000000006c8
Event: 8324.799 Thread 0x00007fced1671000 Uncommon trap: reason=null_check action=make_not_entrant pc=0x00007fcf005cb4a8 method=java.lang.Class.reflectionData()Ljava/lang/Class$ReflectionData; @ 18 c2
Event: 8324.799 Thread 0x00007fced1671000 DEOPT PACKING pc=0x00007fcf005cb4a8 sp=0x00007fcee941e260
Event: 8324.799 Thread 0x00007fced1671000 DEOPT UNPACKING pc=0x00007fcef894541f sp=0x00007fcee941e1b8 mode 2
Event: 8324.920 Thread 0x00007fced1671000 Uncommon trap: trap_request=0xfffffff4 fr.pc=0x00007fcf00751d50 relative=0x0000000000000ef0
Event: 8324.920 Thread 0x00007fced1671000 Uncommon trap: reason=null_check action=make_not_entrant pc=0x00007fcf00751d50 method=java.lang.Class.reflectionData()Ljava/lang/Class$ReflectionData; @ 18 c2
Event: 8324.920 Thread 0x00007fced1671000 DEOPT PACKING pc=0x00007fcf00751d50 sp=0x00007fcee941df10
Event: 8324.920 Thread 0x00007fced1671000 DEOPT UNPACKING pc=0x00007fcef894541f sp=0x00007fcee941ddc0 mode 2
Event: 8324.920 Thread 0x00007fced1671000 Uncommon trap: trap_request=0xfffffff4 fr.pc=0x00007fcf0075a5a8 relative=0x0000000000007208
Event: 8324.920 Thread 0x00007fced1671000 Uncommon trap: reason=null_check action=make_not_entrant pc=0x00007fcf0075a5a8 method=java.lang.Class.reflectionData()Ljava/lang/Class$ReflectionData; @ 18 c2
Event: 8324.920 Thread 0x00007fced1671000 DEOPT PACKING pc=0x00007fcf0075a5a8 sp=0x00007fcee941dce0
Event: 8324.920 Thread 0x00007fced1671000 DEOPT UNPACKING pc=0x00007fcef894541f sp=0x00007fcee941d8c0 mode 2
Event: 8328.246 Thread 0x00007fced1671000 Uncommon trap: trap_request=0xfffffff4 fr.pc=0x00007fcf0065f6c8 relative=0x0000000000000ba8
Event: 8328.246 Thread 0x00007fced1671000 Uncommon trap: reason=null_check action=make_not_entrant pc=0x00007fcf0065f6c8 method=java.util.jar.JarFile.getManifestFromReference()Ljava/util/jar/Manifest; @ 14 c2
Event: 8328.246 Thread 0x00007fced1671000 DEOPT PACKING pc=0x00007fcf0065f6c8 sp=0x00007fcee941d5b0
Event: 8328.246 Thread 0x00007fced1671000 DEOPT UNPACKING pc=0x00007fcef894541f sp=0x00007fcee941d550 mode 2

Classes redefined (0 events):
No events

Internal exceptions (20 events):
Event: 919.980 Thread 0x00007fcece1c8800 Exception <a 'java/lang/ClassNotFoundException'{0x00000000c7468940}: com/fasterxml/jackson/databind/JsonSerializerCustomizer> (0x00000000c7468940) thrown at [/build/openjdk-11-Nn7Pvw/openjdk-11-11.0.7+9/src/hotspot/share/classfile/systemDictionary.cpp, li
Event: 919.981 Thread 0x00007fcece1c8800 Exception <a 'java/lang/ClassNotFoundException'{0x00000000c74886a0}: com/fasterxml/jackson/databind/ser/std/StdSerializerCustomizer> (0x00000000c74886a0) thrown at [/build/openjdk-11-Nn7Pvw/openjdk-11-11.0.7+9/src/hotspot/share/classfile/systemDictionary.
Event: 919.982 Thread 0x00007fcece1c8800 Exception <a 'java/lang/ClassNotFoundException'{0x00000000c74a8390}: org/springframework/hateoas/EntityModel$MapSuppressingUnwrappingSerializerCustomizer> (0x00000000c74a8390) thrown at [/build/openjdk-11-Nn7Pvw/openjdk-11-11.0.7+9/src/hotspot/share/class
Event: 919.982 Thread 0x00007fcece1c8800 Exception <a 'java/lang/ClassNotFoundException'{0x00000000c74c4ec8}: com/fasterxml/jackson/databind/jsonFormatVisitors/JsonFormatVisitableCustomizer> (0x00000000c74c4ec8) thrown at [/build/openjdk-11-Nn7Pvw/openjdk-11-11.0.7+9/src/hotspot/share/classfile/
Event: 919.983 Thread 0x00007fcece1c8800 Exception <a 'java/lang/ClassNotFoundException'{0x00000000c74d92f8}: com/fasterxml/jackson/databind/jsonschema/SchemaAwareCustomizer> (0x00000000c74d92f8) thrown at [/build/openjdk-11-Nn7Pvw/openjdk-11-11.0.7+9/src/hotspot/share/classfile/systemDictionary
Event: 919.983 Thread 0x00007fcece1c8800 Exception <a 'java/lang/ClassNotFoundException'{0x00000000c74efe58}: com/fasterxml/jackson/databind/jsonFormatVisitors/JsonFormatVisitableCustomizer> (0x00000000c74efe58) thrown at [/build/openjdk-11-Nn7Pvw/openjdk-11-11.0.7+9/src/hotspot/share/classfile/
Event: 920.038 Thread 0x00007fcece1c8800 Exception <a 'java/lang/ClassNotFoundException'{0x00000000c73fd1d8}: java/lang/ObjectCustomizer> (0x00000000c73fd1d8) thrown at [/build/openjdk-11-Nn7Pvw/openjdk-11-11.0.7+9/src/hotspot/share/classfile/systemDictionary.cpp, line 231]
Event: 920.039 Thread 0x00007fcece1c8800 Exception <a 'java/lang/ClassNotFoundException'{0x00000000c72136e8}: com/fasterxml/jackson/databind/JsonSerializerCustomizer> (0x00000000c72136e8) thrown at [/build/openjdk-11-Nn7Pvw/openjdk-11-11.0.7+9/src/hotspot/share/classfile/systemDictionary.cpp, li
Event: 920.039 Thread 0x00007fcece1c8800 Exception <a 'java/lang/ClassNotFoundException'{0x00000000c722f248}: com/fasterxml/jackson/databind/ser/std/StdSerializerCustomizer> (0x00000000c722f248) thrown at [/build/openjdk-11-Nn7Pvw/openjdk-11-11.0.7+9/src/hotspot/share/classfile/systemDictionary.
Event: 920.040 Thread 0x00007fcece1c8800 Exception <a 'java/lang/ClassNotFoundException'{0x00000000c724b6b0}: com/fasterxml/jackson/databind/ser/std/StdScalarSerializerCustomizer> (0x00000000c724b6b0) thrown at [/build/openjdk-11-Nn7Pvw/openjdk-11-11.0.7+9/src/hotspot/share/classfile/systemDicti
Event: 920.042 Thread 0x00007fcece1c8800 Exception <a 'java/lang/ClassNotFoundException'{0x00000000c7269a88}: org/springframework/hateoas/mediatype/hal/Jackson2HalModule$TrueOnlyBooleanSerializerCustomizer> (0x00000000c7269a88) thrown at [/build/openjdk-11-Nn7Pvw/openjdk-11-11.0.7+9/src/hotspot/
Event: 920.044 Thread 0x00007fcece1c8800 Exception <a 'java/lang/ClassNotFoundException'{0x00000000c728ac90}: com/fasterxml/jackson/databind/jsonFormatVisitors/JsonFormatVisitableCustomizer> (0x00000000c728ac90) thrown at [/build/openjdk-11-Nn7Pvw/openjdk-11-11.0.7+9/src/hotspot/share/classfile/
Event: 920.044 Thread 0x00007fcece1c8800 Exception <a 'java/lang/ClassNotFoundException'{0x00000000c729f8f0}: com/fasterxml/jackson/databind/jsonschema/SchemaAwareCustomizer> (0x00000000c729f8f0) thrown at [/build/openjdk-11-Nn7Pvw/openjdk-11-11.0.7+9/src/hotspot/share/classfile/systemDictionary
Event: 920.044 Thread 0x00007fcece1c8800 Exception <a 'java/lang/ClassNotFoundException'{0x00000000c72b7098}: com/fasterxml/jackson/databind/jsonFormatVisitors/JsonFormatVisitableCustomizer> (0x00000000c72b7098) thrown at [/build/openjdk-11-Nn7Pvw/openjdk-11-11.0.7+9/src/hotspot/share/classfile/
Event: 3542.976 Thread 0x00007fcedc02d800 Implicit null exception at 0x00007fcf005586da to 0x00007fcf00558b0a
Event: 8324.786 Thread 0x00007fced1671000 Implicit null exception at 0x00007fcf00833029 to 0x00007fcf00839552
Event: 8324.799 Thread 0x00007fced1671000 Implicit null exception at 0x00007fcf005cae5b to 0x00007fcf005cb486
Event: 8324.920 Thread 0x00007fced1671000 Implicit null exception at 0x00007fcf00750f40 to 0x00007fcf00751d2e
Event: 8324.920 Thread 0x00007fced1671000 Implicit null exception at 0x00007fcf00754b0f to 0x00007fcf0075a59e
Event: 8328.246 Thread 0x00007fced1671000 Implicit null exception at 0x00007fcf0065eb8d to 0x00007fcf0065f6ba

Events (20 events):
Event: 8324.707 Executing VM operation: RevokeBias done
Event: 8324.708 Thread 0x00007fced1601000 Thread exited: 0x00007fced1601000
Event: 8327.389 loading class org/springframework/context/support/DefaultLifecycleProcessor
Event: 8327.591 loading class org/springframework/context/support/DefaultLifecycleProcessor done
Event: 8328.229 loading class org/springframework/context/support/DefaultLifecycleProcessor
Event: 8328.229 loading class org/springframework/context/support/DefaultLifecycleProcessor done
Event: 8328.230 loading class org/springframework/boot/web/server/GracefulShutdownResult
Event: 8328.230 loading class org/springframework/boot/web/server/GracefulShutdownResult done
Event: 8328.230 loading class org/springframework/boot/web/server/GracefulShutdownResult
Event: 8328.230 loading class org/springframework/boot/web/server/GracefulShutdownResult done
Event: 8329.213 loading class org/springframework/boot/web/server/GracefulShutdownResult
Event: 8329.213 loading class org/springframework/boot/web/server/GracefulShutdownResult done
Event: 8329.213 loading class org/springframework/boot/web/server/GracefulShutdownCallback
Event: 8329.213 loading class org/springframework/boot/web/server/GracefulShutdownCallback done
Event: 8329.213 loading class org/springframework/boot/web/server/GracefulShutdownCallback
Event: 8329.213 loading class org/springframework/boot/web/server/GracefulShutdownCallback done
Event: 8329.244 Thread 0x00007fcebc001800 Thread exited: 0x00007fcebc001800
Event: 8329.346 Executing VM operation: RevokeBias
Event: 8329.346 Executing VM operation: RevokeBias done
Event: 8331.138 loading class java/net/NetworkInterface$1


Dynamic libraries:
c2e00000-c8900000 rw-p 00000000 00:00 0 
c8900000-ffe00000 ---p 00000000 00:00 0 
ffe00000-ffe47000 rw-p 0110b000 08:06 1574105                            /usr/lib/jvm/java-11-openjdk-amd64/lib/server/classes.jsa
ffe47000-fff00000 rw-p 00000000 00:00 0 
fff00000-fff6a000 rw-p 010a1000 08:06 1574105                            /usr/lib/jvm/java-11-openjdk-amd64/lib/server/classes.jsa
fff6a000-100000000 rw-p 00000000 00:00 0 
800000000-800002000 rwxp 00001000 08:06 1574105                          /usr/lib/jvm/java-11-openjdk-amd64/lib/server/classes.jsa
800002000-8010a0000 rw-p 00003000 08:06 1574105                          /usr/lib/jvm/java-11-openjdk-amd64/lib/server/classes.jsa
840000000-8409c0000 rw-p 00000000 00:00 0 
8409c0000-880000000 ---p 00000000 00:00 0 
55feaeab7000-55feaeab8000 r--p 00000000 08:06 1572938                    /usr/lib/jvm/java-11-openjdk-amd64/bin/java
55feaeab8000-55feaeab9000 r-xp 00001000 08:06 1572938                    /usr/lib/jvm/java-11-openjdk-amd64/bin/java
55feaeab9000-55feaeaba000 r--p 00002000 08:06 1572938                    /usr/lib/jvm/java-11-openjdk-amd64/bin/java
55feaeaba000-55feaeabb000 r--p 00002000 08:06 1572938                    /usr/lib/jvm/java-11-openjdk-amd64/bin/java
55feaeabb000-55feaeabc000 rw-p 00003000 08:06 1572938                    /usr/lib/jvm/java-11-openjdk-amd64/bin/java
55feaf344000-55feafce4000 rw-p 00000000 00:00 0                          [heap]
7fceb8566000-7fceb856a000 ---p 00000000 00:00 0 
7fceb856a000-7fceb86e7000 rw-p 00000000 00:00 0 
7fceb86e7000-7fceb8867000 ---p 00000000 00:00 0 
7fceb8867000-7fceb8a67000 rw-p 00000000 00:00 0 
7fceb8a67000-7fceb8c67000 rw-p 00000000 00:00 0 
7fceb8c67000-7fceb8e67000 rw-p 00000000 00:00 0 
7fceb8e67000-7fceb8e6b000 ---p 00000000 00:00 0 
7fceb8e6b000-7fceb8f68000 rw-p 00000000 00:00 0 
7fceb8f68000-7fceb8f6c000 ---p 00000000 00:00 0 
7fceb8f6c000-7fceb9069000 rw-p 00000000 00:00 0 
7fceb9069000-7fceb906d000 ---p 00000000 00:00 0 
7fceb906d000-7fceb916a000 rw-p 00000000 00:00 0 
7fceb916a000-7fceb916e000 ---p 00000000 00:00 0 
7fceb916e000-7fceb926b000 rw-p 00000000 00:00 0 
7fceb926b000-7fceb926f000 ---p 00000000 00:00 0 
7fceb926f000-7fceb936c000 rw-p 00000000 00:00 0 
7fceb936c000-7fceb9370000 ---p 00000000 00:00 0 
7fceb9370000-7fceb946d000 rw-p 00000000 00:00 0 
7fceb946d000-7fceb9471000 ---p 00000000 00:00 0 
7fceb9471000-7fceb956e000 rw-p 00000000 00:00 0 
7fceb956e000-7fceb9572000 ---p 00000000 00:00 0 
7fceb9572000-7fceb966f000 rw-p 00000000 00:00 0 
7fceb966f000-7fceb9673000 ---p 00000000 00:00 0 
7fceb9673000-7fceb9770000 rw-p 00000000 00:00 0 
7fceb9770000-7fceb9774000 ---p 00000000 00:00 0 
7fceb9774000-7fceb9871000 rw-p 00000000 00:00 0 
7fceb9871000-7fceb9875000 ---p 00000000 00:00 0 
7fceb9875000-7fceb9972000 rw-p 00000000 00:00 0 
7fceb9972000-7fceb9976000 ---p 00000000 00:00 0 
7fceb9976000-7fceb9a73000 rw-p 00000000 00:00 0 
7fceb9a73000-7fceb9a77000 ---p 00000000 00:00 0 
7fceb9a77000-7fceb9b74000 rw-p 00000000 00:00 0 
7fceb9ba0000-7fceb9ba4000 ---p 00000000 00:00 0 
7fceb9ba4000-7fceb9ea1000 rw-p 00000000 00:00 0 
7fceb9ea1000-7fceb9ea5000 ---p 00000000 00:00 0 
7fceb9ea5000-7fceb9fa2000 rw-p 00000000 00:00 0 
7fceb9fa2000-7fceb9fa6000 ---p 00000000 00:00 0 
7fceb9fa6000-7fceba0a3000 rw-p 00000000 00:00 0 
7fceba0fd000-7fceba101000 ---p 00000000 00:00 0 
7fceba101000-7fceba3eb000 rw-p 00000000 00:00 0 
7fceba3eb000-7fceba3fe000 ---p 00000000 00:00 0 
7fceba3fe000-7fceba5fe000 rw-p 00000000 00:00 0 
7fceba5fe000-7fceba7fe000 rw-p 00000000 00:00 0 
7fceba7fe000-7fceba9fe000 rw-p 00000000 00:00 0 
7fceba9fe000-7fcebabfe000 rw-p 00000000 00:00 0 
7fcebabfe000-7fcebadfe000 rw-p 00000000 00:00 0 
7fcebadfe000-7fcebaffe000 rw-p 00000000 00:00 0 
7fcebaffe000-7fcebb002000 ---p 00000000 00:00 0 
7fcebb002000-7fcebb2ff000 rw-p 00000000 00:00 0 
7fcebb2ff000-7fcebb303000 ---p 00000000 00:00 0 
7fcebb303000-7fcebb600000 rw-p 00000000 00:00 0 
7fcebb600000-7fcebb800000 rw-p 00000000 00:00 0 
7fcebb800000-7fcebb9fb000 rw-p 00000000 00:00 0 
7fcebb9fb000-7fcebba00000 ---p 00000000 00:00 0 
7fcebba00000-7fcebbc00000 rw-p 00000000 00:00 0 
7fcebbc00000-7fcebbe00000 rw-p 00000000 00:00 0 
7fcebbe00000-7fcebc000000 rw-p 00000000 00:00 0 
7fcebc000000-7fcebc073000 rw-p 00000000 00:00 0 
7fcebc073000-7fcec0000000 ---p 00000000 00:00 0 
7fcec0000000-7fcec004a000 rw-p 00000000 00:00 0 
7fcec004a000-7fcec4000000 ---p 00000000 00:00 0 
7fcec4000000-7fcec4ce5000 rw-p 00000000 00:00 0 
7fcec4ce5000-7fcec8000000 ---p 00000000 00:00 0 
7fcec8000000-7fcec82d2000 rw-p 00000000 00:00 0 
7fcec82d2000-7fcecc000000 ---p 00000000 00:00 0 
7fcecc000000-7fcece1e5000 rw-p 00000000 00:00 0 
7fcece1e5000-7fced0000000 ---p 00000000 00:00 0 
7fced0000000-7fced3ffc000 rw-p 00000000 00:00 0 
7fced3ffc000-7fced4000000 ---p 00000000 00:00 0 
7fced4000000-7fced40ed000 rw-p 00000000 00:00 0 
7fced40ed000-7fced8000000 ---p 00000000 00:00 0 
7fced8000000-7fced820b000 rw-p 00000000 00:00 0 
7fced820b000-7fcedc000000 ---p 00000000 00:00 0 
7fcedc000000-7fcedc06f000 rw-p 00000000 00:00 0 
7fcedc06f000-7fcee0000000 ---p 00000000 00:00 0 
7fcee0000000-7fcee01c1000 rw-p 00000000 00:00 0 
7fcee01c1000-7fcee4000000 ---p 00000000 00:00 0 
7fcee4000000-7fcee4021000 rw-p 00000000 00:00 0 
7fcee4021000-7fcee8000000 ---p 00000000 00:00 0 
7fcee80eb000-7fcee80f3000 r--p 00000000 08:06 1573030                    /usr/lib/jvm/java-11-openjdk-amd64/lib/libsunec.so
7fcee80f3000-7fcee810c000 r-xp 00008000 08:06 1573030                    /usr/lib/jvm/java-11-openjdk-amd64/lib/libsunec.so
7fcee810c000-7fcee8116000 r--p 00021000 08:06 1573030                    /usr/lib/jvm/java-11-openjdk-amd64/lib/libsunec.so
7fcee8116000-7fcee8117000 ---p 0002b000 08:06 1573030                    /usr/lib/jvm/java-11-openjdk-amd64/lib/libsunec.so
7fcee8117000-7fcee811b000 r--p 0002b000 08:06 1573030                    /usr/lib/jvm/java-11-openjdk-amd64/lib/libsunec.so
7fcee811b000-7fcee811d000 rw-p 0002f000 08:06 1573030                    /usr/lib/jvm/java-11-openjdk-amd64/lib/libsunec.so
7fcee811d000-7fcee831d000 rw-p 00000000 00:00 0 
7fcee831d000-7fcee851d000 rw-p 00000000 00:00 0 
7fcee851d000-7fcee871d000 rw-p 00000000 00:00 0 
7fcee871d000-7fcee8909000 rw-p 00000000 00:00 0 
7fcee8909000-7fcee891d000 ---p 00000000 00:00 0 
7fcee891d000-7fcee8b1d000 rw-p 00000000 00:00 0 
7fcee8b1d000-7fcee8d1d000 rw-p 00000000 00:00 0 
7fcee8d1d000-7fcee8f1d000 rw-p 00000000 00:00 0 
7fcee8f1d000-7fcee8f21000 ---p 00000000 00:00 0 
7fcee8f21000-7fcee921e000 rw-p 00000000 00:00 0 
7fcee921e000-7fcee9222000 ---p 00000000 00:00 0 
7fcee9222000-7fcee931f000 rw-p 00000000 00:00 0 
7fcee931f000-7fcee9323000 ---p 00000000 00:00 0 
7fcee9323000-7fcee9420000 rw-p 00000000 00:00 0 
7fcee9420000-7fcee9421000 ---p 00000000 00:00 0 
7fcee9421000-7fcee9553000 rw-p 00000000 00:00 0 
7fcee9553000-7fcee9557000 r--p 00000000 08:06 1573020                    /usr/lib/jvm/java-11-openjdk-amd64/lib/libnet.so
7fcee9557000-7fcee9566000 r-xp 00004000 08:06 1573020                    /usr/lib/jvm/java-11-openjdk-amd64/lib/libnet.so
7fcee9566000-7fcee956a000 r--p 00013000 08:06 1573020                    /usr/lib/jvm/java-11-openjdk-amd64/lib/libnet.so
7fcee956a000-7fcee956b000 r--p 00016000 08:06 1573020                    /usr/lib/jvm/java-11-openjdk-amd64/lib/libnet.so
7fcee956b000-7fcee956c000 rw-p 00017000 08:06 1573020                    /usr/lib/jvm/java-11-openjdk-amd64/lib/libnet.so
7fcee956c000-7fcee9573000 r--p 00000000 08:06 1573021                    /usr/lib/jvm/java-11-openjdk-amd64/lib/libnio.so
7fcee9573000-7fcee957a000 r-xp 00007000 08:06 1573021                    /usr/lib/jvm/java-11-openjdk-amd64/lib/libnio.so
7fcee957a000-7fcee957d000 r--p 0000e000 08:06 1573021                    /usr/lib/jvm/java-11-openjdk-amd64/lib/libnio.so
7fcee957d000-7fcee957e000 r--p 00010000 08:06 1573021                    /usr/lib/jvm/java-11-openjdk-amd64/lib/libnio.so
7fcee957e000-7fcee957f000 rw-p 00011000 08:06 1573021                    /usr/lib/jvm/java-11-openjdk-amd64/lib/libnio.so
7fcee957f000-7fcee9583000 ---p 00000000 00:00 0 
7fcee9583000-7fcee9680000 rw-p 00000000 00:00 0 
7fcee9680000-7fcee9681000 ---p 00000000 00:00 0 
7fcee9681000-7fcee9782000 rw-p 00000000 00:00 0 
7fcee9782000-7fcee9786000 ---p 00000000 00:00 0 
7fcee9786000-7fcee9883000 rw-p 00000000 00:00 0 
7fcee9883000-7fcee9887000 ---p 00000000 00:00 0 
7fcee9887000-7fcee9984000 rw-p 00000000 00:00 0 
7fcee9984000-7fcee9988000 ---p 00000000 00:00 0 
7fcee9988000-7fcee9a85000 rw-p 00000000 00:00 0 
7fcee9a85000-7fcee9a89000 ---p 00000000 00:00 0 
7fcee9a89000-7fcee9b86000 rw-p 00000000 00:00 0 
7fcee9b86000-7fcee9b8a000 ---p 00000000 00:00 0 
7fcee9b8a000-7fcee9c87000 rw-p 00000000 00:00 0 
7fcee9c87000-7fcee9c8b000 ---p 00000000 00:00 0 
7fcee9c8b000-7fcee9d88000 rw-p 00000000 00:00 0 
7fcee9d88000-7fceea000000 r--p 00000000 08:06 1575995                    /usr/lib/locale/aa_DJ.utf8/LC_COLLATE
7fceea000000-7fceec000000 rw-p 00000000 00:00 0 
7fceec000000-7fceec021000 rw-p 00000000 00:00 0 
7fceec021000-7fcef0000000 ---p 00000000 00:00 0 
7fcef0000000-7fcef0081000 rw-p 00000000 00:00 0 
7fcef0081000-7fcef4000000 ---p 00000000 00:00 0 
7fcef4000000-7fcef4069000 rw-p 00000000 00:00 0 
7fcef4069000-7fcef8000000 ---p 00000000 00:00 0 
7fcef8004000-7fcef8006000 r--p 00000000 08:06 1573018                    /usr/lib/jvm/java-11-openjdk-amd64/lib/libmanagement_ext.so
7fcef8006000-7fcef8008000 r-xp 00002000 08:06 1573018                    /usr/lib/jvm/java-11-openjdk-amd64/lib/libmanagement_ext.so
7fcef8008000-7fcef8009000 r--p 00004000 08:06 1573018                    /usr/lib/jvm/java-11-openjdk-amd64/lib/libmanagement_ext.so
7fcef8009000-7fcef800a000 ---p 00005000 08:06 1573018                    /usr/lib/jvm/java-11-openjdk-amd64/lib/libmanagement_ext.so
7fcef800a000-7fcef800b000 r--p 00005000 08:06 1573018                    /usr/lib/jvm/java-11-openjdk-amd64/lib/libmanagement_ext.so
7fcef800b000-7fcef800c000 rw-p 00006000 08:06 1573018                    /usr/lib/jvm/java-11-openjdk-amd64/lib/libmanagement_ext.so
7fcef800c000-7fcef8010000 ---p 00000000 00:00 0 
7fcef8010000-7fcef890d000 rw-p 00000000 00:00 0 
7fcef890d000-7fcef8b7d000 rwxp 00000000 00:00 0 
7fcef8b7d000-7fcef8e9c000 ---p 00000000 00:00 0 
7fcef8e9c000-7fcef9f0c000 rwxp 00000000 00:00 0 
7fcef9f0c000-7fcf003d4000 ---p 00000000 00:00 0 
7fcf003d4000-7fcf00944000 rwxp 00000000 00:00 0 
7fcf00944000-7fcf0790d000 ---p 00000000 00:00 0 
7fcf10000000-7fcf10682000 rw-p 00000000 00:00 0 
7fcf10682000-7fcf14000000 ---p 00000000 00:00 0 
7fcf14002000-7fcf14003000 r--p 00000000 08:06 1573001                    /usr/lib/jvm/java-11-openjdk-amd64/lib/libextnet.so
7fcf14003000-7fcf14004000 r-xp 00001000 08:06 1573001                    /usr/lib/jvm/java-11-openjdk-amd64/lib/libextnet.so
7fcf14004000-7fcf14005000 r--p 00002000 08:06 1573001                    /usr/lib/jvm/java-11-openjdk-amd64/lib/libextnet.so
7fcf14005000-7fcf14006000 r--p 00002000 08:06 1573001                    /usr/lib/jvm/java-11-openjdk-amd64/lib/libextnet.so
7fcf14006000-7fcf14007000 rw-p 00003000 08:06 1573001                    /usr/lib/jvm/java-11-openjdk-amd64/lib/libextnet.so
7fcf14007000-7fcf1400a000 r--p 00000000 08:06 1573016                    /usr/lib/jvm/java-11-openjdk-amd64/lib/libmanagement.so
7fcf1400a000-7fcf1400b000 r-xp 00003000 08:06 1573016                    /usr/lib/jvm/java-11-openjdk-amd64/lib/libmanagement.so
7fcf1400b000-7fcf1400c000 r--p 00004000 08:06 1573016                    /usr/lib/jvm/java-11-openjdk-amd64/lib/libmanagement.so
7fcf1400c000-7fcf1400d000 r--p 00004000 08:06 1573016                    /usr/lib/jvm/java-11-openjdk-amd64/lib/libmanagement.so
7fcf1400d000-7fcf1400e000 rw-p 00005000 08:06 1573016                    /usr/lib/jvm/java-11-openjdk-amd64/lib/libmanagement.so
7fcf1400e000-7fcf1400f000 r--p 00000000 08:06 1572999                    /usr/lib/jvm/java-11-openjdk-amd64/lib/libdt_socket.so
7fcf1400f000-7fcf14012000 r-xp 00001000 08:06 1572999                    /usr/lib/jvm/java-11-openjdk-amd64/lib/libdt_socket.so
7fcf14012000-7fcf14013000 r--p 00004000 08:06 1572999                    /usr/lib/jvm/java-11-openjdk-amd64/lib/libdt_socket.so
7fcf14013000-7fcf14014000 r--p 00004000 08:06 1572999                    /usr/lib/jvm/java-11-openjdk-amd64/lib/libdt_socket.so
7fcf14014000-7fcf14015000 rw-p 00005000 08:06 1572999                    /usr/lib/jvm/java-11-openjdk-amd64/lib/libdt_socket.so
7fcf14015000-7fcf14019000 ---p 00000000 00:00 0 
7fcf14019000-7fcf14116000 rw-p 00000000 00:00 0 
7fcf14116000-7fcf1416a000 r--p 00000000 08:06 1575997                    /usr/lib/locale/aa_DJ.utf8/LC_CTYPE
7fcf1416a000-7fcf1416b000 r--p 00000000 08:06 1576041                    /usr/lib/locale/aa_ET/LC_NUMERIC
7fcf1416b000-7fcf1416c000 r--p 00000000 08:06 1734111                    /usr/lib/locale/en_US.utf8/LC_TIME
7fcf1416c000-7fcf1416d000 r--p 00000000 08:06 1580052                    /usr/lib/locale/chr_US/LC_MONETARY
7fcf1416d000-7fcf1416e000 r--p 00000000 08:06 1733793                    /usr/lib/locale/en_AG/LC_MESSAGES/SYS_LC_MESSAGES
7fcf1416e000-7fcf1416f000 r--p 00000000 08:06 1580062                    /usr/lib/locale/chr_US/LC_PAPER
7fcf1416f000-7fcf14176000 r--s 00000000 08:06 952022                     /usr/lib/x86_64-linux-gnu/gconv/gconv-modules.cache
7fcf14176000-7fcf1417a000 ---p 00000000 00:00 0 
7fcf1417a000-7fcf14277000 rw-p 00000000 00:00 0 
7fcf14277000-7fcf1427b000 ---p 00000000 00:00 0 
7fcf1427b000-7fcf14378000 rw-p 00000000 00:00 0 
7fcf14378000-7fcf14379000 ---p 00000000 00:00 0 
7fcf14379000-7fcf145c0000 rw-p 00000000 00:00 0 
7fcf145c0000-7fcf145c1000 ---p 00000000 00:00 0 
7fcf145c1000-7fcf146c2000 rw-p 00000000 00:00 0 
7fcf146c2000-7fcf146c3000 ---p 00000000 00:00 0 
7fcf146c3000-7fcf149c6000 rw-p 00000000 00:00 0 
7fcf149c6000-7fcf149c7000 ---p 00000000 00:00 0 
7fcf149c7000-7fcf14ac8000 rw-p 00000000 00:00 0 
7fcf14ac8000-7fcf14ac9000 ---p 00000000 00:00 0 
7fcf14ac9000-7fcf14d57000 rw-p 00000000 00:00 0 
7fcf14d57000-7fcf15b2b000 ---p 00000000 00:00 0 
7fcf15b2b000-7fcf15c9f000 rw-p 00000000 00:00 0 
7fcf15c9f000-7fcf16a73000 ---p 00000000 00:00 0 
7fcf16a73000-7fcf16aa9000 rw-p 00000000 00:00 0 
7fcf16aa9000-7fcf16c63000 ---p 00000000 00:00 0 
7fcf16c63000-7fcf16c92000 rw-p 00000000 00:00 0 
7fcf16c92000-7fcf16e4c000 ---p 00000000 00:00 0 
7fcf16e4c000-7fcf16e7b000 rw-p 00000000 00:00 0 
7fcf16e7b000-7fcf17035000 ---p 00000000 00:00 0 
7fcf17035000-7fcf17238000 rw-p 00000000 00:00 0 
7fcf17238000-7fcf17239000 ---p 00000000 00:00 0 
7fcf17239000-7fcf17345000 rw-p 00000000 00:00 0 
7fcf17345000-7fcf17425000 ---p 00000000 00:00 0 
7fcf17425000-7fcf17446000 rw-p 00000000 00:00 0 
7fcf17446000-7fcf17510000 ---p 00000000 00:00 0 
7fcf17510000-7fcf17515000 rw-p 00000000 00:00 0 
7fcf17515000-7fcf1751c000 ---p 00000000 00:00 0 
7fcf1751c000-7fcf1751e000 r--p 00000000 08:06 1573012                    /usr/lib/jvm/java-11-openjdk-amd64/lib/libjimage.so
7fcf1751e000-7fcf17521000 r-xp 00002000 08:06 1573012                    /usr/lib/jvm/java-11-openjdk-amd64/lib/libjimage.so
7fcf17521000-7fcf17522000 r--p 00005000 08:06 1573012                    /usr/lib/jvm/java-11-openjdk-amd64/lib/libjimage.so
7fcf17522000-7fcf17523000 ---p 00006000 08:06 1573012                    /usr/lib/jvm/java-11-openjdk-amd64/lib/libjimage.so
7fcf17523000-7fcf17524000 r--p 00006000 08:06 1573012                    /usr/lib/jvm/java-11-openjdk-amd64/lib/libjimage.so
7fcf17524000-7fcf17525000 rw-p 00007000 08:06 1573012                    /usr/lib/jvm/java-11-openjdk-amd64/lib/libjimage.so
7fcf17525000-7fcf17527000 r--p 00000000 08:06 1573033                    /usr/lib/jvm/java-11-openjdk-amd64/lib/libzip.so
7fcf17527000-7fcf1752b000 r-xp 00002000 08:06 1573033                    /usr/lib/jvm/java-11-openjdk-amd64/lib/libzip.so
7fcf1752b000-7fcf1752d000 r--p 00006000 08:06 1573033                    /usr/lib/jvm/java-11-openjdk-amd64/lib/libzip.so
7fcf1752d000-7fcf1752e000 r--p 00007000 08:06 1573033                    /usr/lib/jvm/java-11-openjdk-amd64/lib/libzip.so
7fcf1752e000-7fcf1752f000 rw-p 00008000 08:06 1573033                    /usr/lib/jvm/java-11-openjdk-amd64/lib/libzip.so
7fcf1752f000-7fcf17531000 r--p 00000000 08:06 1573011                    /usr/lib/jvm/java-11-openjdk-amd64/lib/libjdwp.so
7fcf17531000-7fcf1755c000 r-xp 00002000 08:06 1573011                    /usr/lib/jvm/java-11-openjdk-amd64/lib/libjdwp.so
7fcf1755c000-7fcf17569000 r--p 0002d000 08:06 1573011                    /usr/lib/jvm/java-11-openjdk-amd64/lib/libjdwp.so
7fcf17569000-7fcf1756a000 ---p 0003a000 08:06 1573011                    /usr/lib/jvm/java-11-openjdk-amd64/lib/libjdwp.so
7fcf1756a000-7fcf1756b000 r--p 0003a000 08:06 1573011                    /usr/lib/jvm/java-11-openjdk-amd64/lib/libjdwp.so
7fcf1756b000-7fcf1756c000 rw-p 0003b000 08:06 1573011                    /usr/lib/jvm/java-11-openjdk-amd64/lib/libjdwp.so
7fcf1756c000-7fcf17579000 r--p 00000000 08:06 1573008                    /usr/lib/jvm/java-11-openjdk-amd64/lib/libjava.so
7fcf17579000-7fcf1758e000 r-xp 0000d000 08:06 1573008                    /usr/lib/jvm/java-11-openjdk-amd64/lib/libjava.so
7fcf1758e000-7fcf17595000 r--p 00022000 08:06 1573008                    /usr/lib/jvm/java-11-openjdk-amd64/lib/libjava.so
7fcf17595000-7fcf17596000 r--p 00028000 08:06 1573008                    /usr/lib/jvm/java-11-openjdk-amd64/lib/libjava.so
7fcf17596000-7fcf17598000 rw-p 00029000 08:06 1573008                    /usr/lib/jvm/java-11-openjdk-amd64/lib/libjava.so
7fcf17598000-7fcf1759b000 r--p 00000000 08:06 944825                     /usr/lib/x86_64-linux-gnu/librt-2.31.so
7fcf1759b000-7fcf1759f000 r-xp 00003000 08:06 944825                     /usr/lib/x86_64-linux-gnu/librt-2.31.so
7fcf1759f000-7fcf175a0000 r--p 00007000 08:06 944825                     /usr/lib/x86_64-linux-gnu/librt-2.31.so
7fcf175a0000-7fcf175a1000 ---p 00008000 08:06 944825                     /usr/lib/x86_64-linux-gnu/librt-2.31.so
7fcf175a1000-7fcf175a2000 r--p 00008000 08:06 944825                     /usr/lib/x86_64-linux-gnu/librt-2.31.so
7fcf175a2000-7fcf175a3000 rw-p 00009000 08:06 944825                     /usr/lib/x86_64-linux-gnu/librt-2.31.so
7fcf175a3000-7fcf175a7000 ---p 00000000 00:00 0 
7fcf175a7000-7fcf176a4000 rw-p 00000000 00:00 0 
7fcf176a4000-7fcf176a7000 r--p 00000000 08:06 920713                     /usr/lib/x86_64-linux-gnu/libgcc_s.so.1
7fcf176a7000-7fcf176b8000 r-xp 00003000 08:06 920713                     /usr/lib/x86_64-linux-gnu/libgcc_s.so.1
7fcf176b8000-7fcf176bc000 r--p 00014000 08:06 920713                     /usr/lib/x86_64-linux-gnu/libgcc_s.so.1
7fcf176bc000-7fcf176bd000 r--p 00017000 08:06 920713                     /usr/lib/x86_64-linux-gnu/libgcc_s.so.1
7fcf176bd000-7fcf176be000 rw-p 00018000 08:06 920713                     /usr/lib/x86_64-linux-gnu/libgcc_s.so.1
7fcf176be000-7fcf176cd000 r--p 00000000 08:06 936104                     /usr/lib/x86_64-linux-gnu/libm-2.31.so
7fcf176cd000-7fcf17767000 r-xp 0000f000 08:06 936104                     /usr/lib/x86_64-linux-gnu/libm-2.31.so
7fcf17767000-7fcf17800000 r--p 000a9000 08:06 936104                     /usr/lib/x86_64-linux-gnu/libm-2.31.so
7fcf17800000-7fcf17801000 r--p 00141000 08:06 936104                     /usr/lib/x86_64-linux-gnu/libm-2.31.so
7fcf17801000-7fcf17802000 rw-p 00142000 08:06 936104                     /usr/lib/x86_64-linux-gnu/libm-2.31.so
7fcf17802000-7fcf17898000 r--p 00000000 08:06 926547                     /usr/lib/x86_64-linux-gnu/libstdc++.so.6.0.28
7fcf17898000-7fcf17974000 r-xp 00096000 08:06 926547                     /usr/lib/x86_64-linux-gnu/libstdc++.so.6.0.28
7fcf17974000-7fcf179be000 r--p 00172000 08:06 926547                     /usr/lib/x86_64-linux-gnu/libstdc++.so.6.0.28
7fcf179be000-7fcf179c9000 r--p 001bb000 08:06 926547                     /usr/lib/x86_64-linux-gnu/libstdc++.so.6.0.28
7fcf179c9000-7fcf179cc000 rw-p 001c6000 08:06 926547                     /usr/lib/x86_64-linux-gnu/libstdc++.so.6.0.28
7fcf179cc000-7fcf179cf000 rw-p 00000000 00:00 0 
7fcf179cf000-7fcf17c3c000 r--p 00000000 08:06 1573037                    /usr/lib/jvm/java-11-openjdk-amd64/lib/server/libjvm.so
7fcf17c3c000-7fcf187b4000 r-xp 0026d000 08:06 1573037                    /usr/lib/jvm/java-11-openjdk-amd64/lib/server/libjvm.so
7fcf187b4000-7fcf189ef000 r--p 00de5000 08:06 1573037                    /usr/lib/jvm/java-11-openjdk-amd64/lib/server/libjvm.so
7fcf189ef000-7fcf189f0000 ---p 01020000 08:06 1573037                    /usr/lib/jvm/java-11-openjdk-amd64/lib/server/libjvm.so
7fcf189f0000-7fcf18aad000 r--p 01020000 08:06 1573037                    /usr/lib/jvm/java-11-openjdk-amd64/lib/server/libjvm.so
7fcf18aad000-7fcf18ae7000 rw-p 010dd000 08:06 1573037                    /usr/lib/jvm/java-11-openjdk-amd64/lib/server/libjvm.so
7fcf18ae7000-7fcf18b3f000 rw-p 00000000 00:00 0 
7fcf18b3f000-7fcf18b46000 r--p 00000000 08:06 936119                     /usr/lib/x86_64-linux-gnu/libpthread-2.31.so
7fcf18b46000-7fcf18b56000 r-xp 00007000 08:06 936119                     /usr/lib/x86_64-linux-gnu/libpthread-2.31.so
7fcf18b56000-7fcf18b5b000 r--p 00017000 08:06 936119                     /usr/lib/x86_64-linux-gnu/libpthread-2.31.so
7fcf18b5b000-7fcf18b5c000 r--p 0001b000 08:06 936119                     /usr/lib/x86_64-linux-gnu/libpthread-2.31.so
7fcf18b5c000-7fcf18b5d000 rw-p 0001c000 08:06 936119                     /usr/lib/x86_64-linux-gnu/libpthread-2.31.so
7fcf18b5d000-7fcf18b61000 rw-p 00000000 00:00 0 
7fcf18b61000-7fcf18b62000 r--p 00000000 08:06 936103                     /usr/lib/x86_64-linux-gnu/libdl-2.31.so
7fcf18b62000-7fcf18b64000 r-xp 00001000 08:06 936103                     /usr/lib/x86_64-linux-gnu/libdl-2.31.so
7fcf18b64000-7fcf18b65000 r--p 00003000 08:06 936103                     /usr/lib/x86_64-linux-gnu/libdl-2.31.so
7fcf18b65000-7fcf18b66000 r--p 00003000 08:06 936103                     /usr/lib/x86_64-linux-gnu/libdl-2.31.so
7fcf18b66000-7fcf18b67000 rw-p 00004000 08:06 936103                     /usr/lib/x86_64-linux-gnu/libdl-2.31.so
7fcf18b67000-7fcf18b6a000 r--p 00000000 08:06 920417                     /usr/lib/x86_64-linux-gnu/libz.so.1.2.11
7fcf18b6a000-7fcf18b7b000 r-xp 00003000 08:06 920417                     /usr/lib/x86_64-linux-gnu/libz.so.1.2.11
7fcf18b7b000-7fcf18b81000 r--p 00014000 08:06 920417                     /usr/lib/x86_64-linux-gnu/libz.so.1.2.11
7fcf18b81000-7fcf18b82000 ---p 0001a000 08:06 920417                     /usr/lib/x86_64-linux-gnu/libz.so.1.2.11
7fcf18b82000-7fcf18b83000 r--p 0001a000 08:06 920417                     /usr/lib/x86_64-linux-gnu/libz.so.1.2.11
7fcf18b83000-7fcf18b84000 rw-p 0001b000 08:06 920417                     /usr/lib/x86_64-linux-gnu/libz.so.1.2.11
7fcf18b84000-7fcf18ba9000 r--p 00000000 08:06 936102                     /usr/lib/x86_64-linux-gnu/libc-2.31.so
7fcf18ba9000-7fcf18cf4000 r-xp 00025000 08:06 936102                     /usr/lib/x86_64-linux-gnu/libc-2.31.so
7fcf18cf4000-7fcf18d3e000 r--p 00170000 08:06 936102                     /usr/lib/x86_64-linux-gnu/libc-2.31.so
7fcf18d3e000-7fcf18d3f000 ---p 001ba000 08:06 936102                     /usr/lib/x86_64-linux-gnu/libc-2.31.so
7fcf18d3f000-7fcf18d42000 r--p 001ba000 08:06 936102                     /usr/lib/x86_64-linux-gnu/libc-2.31.so
7fcf18d42000-7fcf18d45000 rw-p 001bd000 08:06 936102                     /usr/lib/x86_64-linux-gnu/libc-2.31.so
7fcf18d45000-7fcf18d49000 rw-p 00000000 00:00 0 
7fcf18d49000-7fcf18d4a000 r--p 00000000 08:06 1577742                    /usr/lib/locale/bi_VU/LC_NAME
7fcf18d4a000-7fcf18d4b000 r--p 00000000 08:06 1734107                    /usr/lib/locale/en_US.utf8/LC_ADDRESS
7fcf18d4b000-7fcf18d4c000 r--p 00000000 08:06 1580064                    /usr/lib/locale/chr_US/LC_TELEPHONE
7fcf18d4c000-7fcf18d4d000 r--p 00000000 08:06 1580048                    /usr/lib/locale/chr_US/LC_MEASUREMENT
7fcf18d4d000-7fcf18d4f000 r--s 0000c000 08:06 4064626                    /usr/share/java/java-atk-wrapper.jar
7fcf18d4f000-7fcf18d57000 rw-s 00000000 08:06 790343                     /tmp/hsperfdata_unroot/24623
7fcf18d57000-7fcf18d5a000 r--p 00000000 08:06 936110                     /usr/lib/x86_64-linux-gnu/libnss_files-2.31.so
7fcf18d5a000-7fcf18d61000 r-xp 00003000 08:06 936110                     /usr/lib/x86_64-linux-gnu/libnss_files-2.31.so
7fcf18d61000-7fcf18d63000 r--p 0000a000 08:06 936110                     /usr/lib/x86_64-linux-gnu/libnss_files-2.31.so
7fcf18d63000-7fcf18d64000 r--p 0000b000 08:06 936110                     /usr/lib/x86_64-linux-gnu/libnss_files-2.31.so
7fcf18d64000-7fcf18d65000 rw-p 0000c000 08:06 936110                     /usr/lib/x86_64-linux-gnu/libnss_files-2.31.so
7fcf18d65000-7fcf18d6b000 rw-p 00000000 00:00 0 
7fcf18d6b000-7fcf18d6c000 ---p 00000000 00:00 0 
7fcf18d6c000-7fcf18d6d000 r--p 00000000 00:00 0 
7fcf18d6d000-7fcf18d72000 r--p 00000000 08:06 1573032                    /usr/lib/jvm/java-11-openjdk-amd64/lib/libverify.so
7fcf18d72000-7fcf18d79000 r-xp 00005000 08:06 1573032                    /usr/lib/jvm/java-11-openjdk-amd64/lib/libverify.so
7fcf18d79000-7fcf18d7b000 r--p 0000c000 08:06 1573032                    /usr/lib/jvm/java-11-openjdk-amd64/lib/libverify.so
7fcf18d7b000-7fcf18d7c000 ---p 0000e000 08:06 1573032                    /usr/lib/jvm/java-11-openjdk-amd64/lib/libverify.so
7fcf18d7c000-7fcf18d7e000 r--p 0000e000 08:06 1573032                    /usr/lib/jvm/java-11-openjdk-amd64/lib/libverify.so
7fcf18d7e000-7fcf18d7f000 rw-p 00010000 08:06 1573032                    /usr/lib/jvm/java-11-openjdk-amd64/lib/libverify.so
7fcf18d7f000-7fcf18d82000 r--p 00000000 08:06 1572990                    /usr/lib/jvm/java-11-openjdk-amd64/lib/jli/libjli.so
7fcf18d82000-7fcf18d8c000 r-xp 00003000 08:06 1572990                    /usr/lib/jvm/java-11-openjdk-amd64/lib/jli/libjli.so
7fcf18d8c000-7fcf18d8f000 r--p 0000d000 08:06 1572990                    /usr/lib/jvm/java-11-openjdk-amd64/lib/jli/libjli.so
7fcf18d8f000-7fcf18d90000 r--p 0000f000 08:06 1572990                    /usr/lib/jvm/java-11-openjdk-amd64/lib/jli/libjli.so
7fcf18d90000-7fcf18d91000 rw-p 00010000 08:06 1572990                    /usr/lib/jvm/java-11-openjdk-amd64/lib/jli/libjli.so
7fcf18d91000-7fcf18d93000 rw-p 00000000 00:00 0 
7fcf18d93000-7fcf18d94000 r--p 00000000 08:06 936098                     /usr/lib/x86_64-linux-gnu/ld-2.31.so
7fcf18d94000-7fcf18db4000 r-xp 00001000 08:06 936098                     /usr/lib/x86_64-linux-gnu/ld-2.31.so
7fcf18db4000-7fcf18dbc000 r--p 00021000 08:06 936098                     /usr/lib/x86_64-linux-gnu/ld-2.31.so
7fcf18dbc000-7fcf18dbd000 r--p 00000000 08:06 1734109                    /usr/lib/locale/en_US.utf8/LC_IDENTIFICATION
7fcf18dbd000-7fcf18dbe000 r--p 00029000 08:06 936098                     /usr/lib/x86_64-linux-gnu/ld-2.31.so
7fcf18dbe000-7fcf18dbf000 rw-p 0002a000 08:06 936098                     /usr/lib/x86_64-linux-gnu/ld-2.31.so
7fcf18dbf000-7fcf18dc0000 rw-p 00000000 00:00 0 
7fff9edc2000-7fff9ede3000 rw-p 00000000 00:00 0                          [stack]
7fff9ede3000-7fff9ede6000 r--p 00000000 00:00 0                          [vvar]
7fff9ede6000-7fff9ede8000 r-xp 00000000 00:00 0                          [vdso]


VM Arguments:
jvm_args: -agentlib:jdwp=transport=dt_socket,server=n,suspend=y,address=localhost:45803 -Dfile.encoding=UTF-8 
java_command: com.timeController.timeController.TimeControllerApplication
java_class_path (initial): /home/unroot/Desktop/timeController/target/classes:/home/unroot/.m2/repository/org/springframework/boot/spring-boot-starter-data-jpa/2.4.3/spring-boot-starter-data-jpa-2.4.3.jar:/home/unroot/.m2/repository/org/springframework/boot/spring-boot-starter-aop/2.4.3/spring-boot-starter-aop-2.4.3.jar:/home/unroot/.m2/repository/org/aspectj/aspectjweaver/1.9.6/aspectjweaver-1.9.6.jar:/home/unroot/.m2/repository/org/springframework/boot/spring-boot-starter-jdbc/2.4.3/spring-boot-starter-jdbc-2.4.3.jar:/home/unroot/.m2/repository/com/zaxxer/HikariCP/3.4.5/HikariCP-3.4.5.jar:/home/unroot/.m2/repository/org/springframework/spring-jdbc/5.3.4/spring-jdbc-5.3.4.jar:/home/unroot/.m2/repository/jakarta/transaction/jakarta.transaction-api/1.3.3/jakarta.transaction-api-1.3.3.jar:/home/unroot/.m2/repository/jakarta/persistence/jakarta.persistence-api/2.2.3/jakarta.persistence-api-2.2.3.jar:/home/unroot/.m2/repository/org/hibernate/hibernate-core/5.4.28.Final/hibernate-core-5.4.28.Final.jar:/home/unroot/.m2/repository/org/jboss/logging/jboss-logging/3.4.1.Final/jboss-logging-3.4.1.Final.jar:/home/unroot/.m2/repository/org/javassist/javassist/3.27.0-GA/javassist-3.27.0-GA.jar:/home/unroot/.m2/repository/net/bytebuddy/byte-buddy/1.10.20/byte-buddy-1.10.20.jar:/home/unroot/.m2/repository/antlr/antlr/2.7.7/antlr-2.7.7.jar:/home/unroot/.m2/repository/org/jboss/jandex/2.2.3.Final/jandex-2.2.3.Final.jar:/home/unroot/.m2/repository/com/fasterxml/classmate/1.5.1/classmate-1.5.1.jar:/home/unroot/.m2/repository/org/dom4j/dom4j/2.1.3/dom4j-2.1.3.jar:/home/unroot/.m2/repository/org/hibernate/common/hibernate-commons-annotations/5.1.2.Final/hibernate-commons-annotations-5.1.2.Final.jar:/home/unroot/.m2/repository/org/glassfish/jaxb/jaxb-runtime/2.3.3/jaxb-runtime-2.3.3.jar:/home/unroot/.m2/repository/org/glassfish/jaxb/txw2/2.3.3/txw2-2.3.3.jar:/home/unroot/.m2/repository/com/sun/istack/istack-commons-runtime/3.0.11/istack-commons-runtime-3.0.11.jar:/home/unroot/.m2/repos
Launcher Type: SUN_STANDARD

[Global flags]
     intx CICompilerCount                          = 2                                         {product} {ergonomic}
     uint ConcGCThreads                            = 1                                         {product} {ergonomic}
     uint G1ConcRefinementThreads                  = 2                                         {product} {ergonomic}
   size_t G1HeapRegionSize                         = 1048576                                   {product} {ergonomic}
    uintx GCDrainStackTargetSize                   = 64                                        {product} {ergonomic}
   size_t InitialHeapSize                          = 65011712                                  {product} {ergonomic}
   size_t MarkStackSize                            = 4194304                                   {product} {ergonomic}
   size_t MaxHeapSize                              = 1025507328                                {product} {ergonomic}
   size_t MaxNewSize                               = 614465536                                 {product} {ergonomic}
   size_t MinHeapDeltaBytes                        = 1048576                                   {product} {ergonomic}
    uintx NonNMethodCodeHeapSize                   = 5825164                                {pd product} {ergonomic}
    uintx NonProfiledCodeHeapSize                  = 122916538                              {pd product} {ergonomic}
    uintx ProfiledCodeHeapSize                     = 122916538                              {pd product} {ergonomic}
    uintx ReservedCodeCacheSize                    = 251658240                              {pd product} {ergonomic}
     bool SegmentedCodeCache                       = true                                      {product} {ergonomic}
     bool UseCompressedClassPointers               = true                                 {lp64_product} {ergonomic}
     bool UseCompressedOops                        = true                                 {lp64_product} {ergonomic}
     bool UseG1GC                                  = true                                      {product} {ergonomic}

Logging:
Log output configuration:
 #0: stdout all=warning uptime,level,tags
 #1: stderr all=off uptime,level,tags

Environment Variables:
PATH=/home/unroot/.nvm/versions/node/v14.13.1/bin:/usr/local/bin:/usr/bin:/bin:/usr/local/games:/usr/games
SHELL=/bin/bash
DISPLAY=:0.0

Signal Handlers:
SIGSEGV: [libjvm.so+0xd73090], sa_mask[0]=11111111011111111101111111111110, sa_flags=SA_RESTART|SA_SIGINFO
SIGBUS: [libjvm.so+0xd73090], sa_mask[0]=11111111011111111101111111111110, sa_flags=SA_RESTART|SA_SIGINFO
SIGFPE: [libjvm.so+0xd73090], sa_mask[0]=11111111011111111101111111111110, sa_flags=SA_RESTART|SA_SIGINFO
SIGPIPE: [libjvm.so+0xb70660], sa_mask[0]=11111111011111111101111111111110, sa_flags=SA_RESTART|SA_SIGINFO
SIGXFSZ: [libjvm.so+0xb70660], sa_mask[0]=11111111011111111101111111111110, sa_flags=SA_RESTART|SA_SIGINFO
SIGILL: [libjvm.so+0xd73090], sa_mask[0]=11111111011111111101111111111110, sa_flags=SA_RESTART|SA_SIGINFO
SIGUSR2: [libjvm.so+0xb70500], sa_mask[0]=00000000000000000000000000000000, sa_flags=SA_RESTART|SA_SIGINFO
SIGHUP: [libjvm.so+0xb709a0], sa_mask[0]=11111111011111111101111111111110, sa_flags=SA_RESTART|SA_SIGINFO
SIGINT: [libjvm.so+0xb709a0], sa_mask[0]=11111111011111111101111111111110, sa_flags=SA_RESTART|SA_SIGINFO
SIGTERM: [libjvm.so+0xb709a0], sa_mask[0]=11111111011111111101111111111110, sa_flags=SA_RESTART|SA_SIGINFO
SIGQUIT: [libjvm.so+0xb709a0], sa_mask[0]=11111111011111111101111111111110, sa_flags=SA_RESTART|SA_SIGINFO


---------------  S Y S T E M  ---------------

OS:DISTRIB_ID=Kali
DISTRIB_RELEASE=kali-rolling
DISTRIB_CODENAME=kali-rolling
DISTRIB_DESCRIPTION="Kali GNU/Linux Rolling"
uname:Linux 4.19.0-kali4-amd64 #1 SMP Debian 4.19.28-2kali1 (2019-03-18) x86_64
OS uptime: 0 days 5:50 hours
libc:glibc 2.31 NPTL 2.31 
rlimit: STACK 8192k, CORE 0k, NPROC 15370, NOFILE 1048576, AS infinity, CPU infinity, DATA infinity, FSIZE infinity
load average:8.16 3.53 2.21

/proc/meminfo:
MemTotal:        4005488 kB
MemFree:         1311604 kB
MemAvailable:    1527136 kB
Buffers:           33344 kB
Cached:           417896 kB
SwapCached:       150276 kB
Active:          1784304 kB
Inactive:         565748 kB
Active(anon):    1613920 kB
Inactive(anon):   343820 kB
Active(file):     170384 kB
Inactive(file):   221928 kB
Unevictable:         112 kB
Mlocked:             112 kB
SwapTotal:       9665532 kB
SwapFree:        7692028 kB
Dirty:              1492 kB
Writeback:             0 kB
AnonPages:       1880548 kB
Mapped:           322732 kB
Shmem:             59764 kB
Slab:             147092 kB
SReclaimable:      62320 kB
SUnreclaim:        84772 kB
KernelStack:       13472 kB
PageTables:        32508 kB
NFS_Unstable:          0 kB
Bounce:                0 kB
WritebackTmp:          0 kB
CommitLimit:    11668276 kB
Committed_AS:    9019864 kB
VmallocTotal:   34359738367 kB
VmallocUsed:           0 kB
VmallocChunk:          0 kB
Percpu:             1024 kB
HardwareCorrupted:     0 kB
AnonHugePages:    450560 kB
ShmemHugePages:        0 kB
ShmemPmdMapped:        0 kB
HugePages_Total:       0
HugePages_Free:        0
HugePages_Rsvd:        0
HugePages_Surp:        0
Hugepagesize:       2048 kB
Hugetlb:               0 kB
DirectMap4k:      326348 kB
DirectMap2M:     3831808 kB
DirectMap1G:           0 kB


/proc/sys/kernel/threads-max (system-wide limit on the number of threads):
30741


/proc/sys/vm/max_map_count (maximum number of memory map areas a process may have):
65530


/proc/sys/kernel/pid_max (system-wide limit on number of process identifiers):
4194304



container (cgroup) information:
container_type: cgroupv1
cpu_cpuset_cpus: 0-1
cpu_memory_nodes: 0
active_processor_count: 2
cpu_quota: -1
cpu_period: 100000
cpu_shares: -1
memory_limit_in_bytes: -1
memory_and_swap_limit_in_bytes: -2
memory_soft_limit_in_bytes: -1
memory_usage_in_bytes: 2340745216
memory_max_usage_in_bytes: 3707822080

Steal ticks since vm start: 0
Steal ticks percentage since vm start:  0.000

CPU:total 2 (initial active 2) (2 cores per cpu, 1 threads per core) family 6 model 94 stepping 3, cmov, cx8, fxsr, mmx, sse, sse2, sse3, ssse3, sse4.1, sse4.2, popcnt, aes, clmul, erms, 3dnowpref, lzcnt, tsc, tscinvbit
CPU Model and flags from /proc/cpuinfo:
model name	: Intel(R) Pentium(R) CPU G4400 @ 3.30GHz
flags		: fpu vme de pse tsc msr pae mce cx8 apic sep mtrr pge mca cmov pat pse36 clflush dts acpi mmx fxsr sse sse2 ss ht tm pbe syscall nx pdpe1gb rdtscp lm constant_tsc art arch_perfmon pebs bts rep_good nopl xtopology nonstop_tsc cpuid aperfmperf tsc_known_freq pni pclmulqdq dtes64 monitor ds_cpl vmx est tm2 ssse3 sdbg cx16 xtpr pdcm pcid sse4_1 sse4_2 x2apic movbe popcnt tsc_deadline_timer aes xsave rdrand lahf_lm abm 3dnowprefetch cpuid_fault invpcid_single pti ssbd ibrs ibpb stibp tpr_shadow vnmi flexpriority ept vpid ept_ad fsgsbase tsc_adjust erms invpcid rdseed smap clflushopt intel_pt xsaveopt xsavec xgetbv1 xsaves dtherm arat pln pts hwp hwp_notify hwp_act_window hwp_epp flush_l1d

Memory: 4k page, physical 4005488k(1311604k free), swap 9665532k(7692028k free)

vm_info: OpenJDK 64-Bit Server VM (11.0.7-ea+9-post-Debian-1) for linux-amd64 JRE (11.0.7-ea+9-post-Debian-1), built on Mar 26 2020 07:33:35 by "unknown" with gcc 9.3.0

END.
